1000, 10986, 1, 0, 0
2000, 11202, 1, 0, 0
3000, 11546, 1, 0, 0
4000, 11040, 1, 0, 0
5000, 11070, 1, 0, 0
6000, 11211, 1, 0, 0
7000, 11139, 1, 0, 0
8000, 10548, 1, 0, 0
9000, 9703, 1, 0, 0
10001, 11218, 1, 0, 0
11000, 10735, 1, 0, 0
12000, 10333, 1, 0, 0
13000, 11188, 1, 0, 0
14000, 11351, 1, 0, 0
15004, 11254, 1, 0, 0
16000, 11345, 1, 0, 0
17000, 9837, 1, 0, 0
18000, 11640, 1, 0, 0
19000, 11757, 1, 0, 0
20000, 11593, 1, 0, 0
21000, 11735, 1, 0, 0
22000, 11668, 1, 0, 0
23000, 11216, 1, 0, 0
24000, 11521, 1, 0, 0
25000, 11434, 1, 0, 0
26000, 11377, 1, 0, 0
27000, 11296, 1, 0, 0
28000, 11311, 1, 0, 0
29000, 11129, 1, 0, 0
30000, 11326, 1, 0, 0
31000, 16333, 1, 0, 0
32000, 11302, 1, 0, 0
33000, 11228, 1, 0, 0
34000, 11871, 1, 0, 0
35000, 12521, 1, 0, 0
36000, 15114, 1, 0, 0
37000, 15523, 1, 0, 0
38001, 21469, 1, 0, 0
39000, 23783, 1, 0, 0
40000, 22594, 1, 0, 0
41000, 21985, 1, 0, 0
42000, 21687, 1, 0, 0
43000, 22400, 1, 0, 0
44000, 22789, 1, 0, 0
45001, 22693, 1, 0, 0
46000, 22848, 1, 0, 0
47000, 22947, 1, 0, 0
48003, 22890, 1, 0, 0
49004, 22795, 1, 0, 0
50001, 22505, 1, 0, 0
51001, 23080, 1, 0, 0
52000, 22420, 1, 0, 0
53000, 23295, 1, 0, 0
54000, 23279, 1, 0, 0
55000, 25224, 1, 0, 0
56000, 23785, 1, 0, 0
57000, 23635, 1, 0, 0
58000, 23853, 1, 0, 0
59000, 24544, 1, 0, 0
60000, 23834, 1, 0, 0
61000, 24488, 1, 0, 0
62001, 55933, 1, 0, 0
63000, 23727, 1, 0, 0
64000, 23405, 1, 0, 0
65000, 24227, 1, 0, 0
66000, 23449, 1, 0, 0
67000, 22230, 1, 0, 0
68000, 23246, 1, 0, 0
69000, 23359, 1, 0, 0
70000, 23219, 1, 0, 0
71000, 23713, 1, 0, 0
72000, 23552, 1, 0, 0
73000, 23259, 1, 0, 0
74000, 23280, 1, 0, 0
75000, 23445, 1, 0, 0
76000, 23279, 1, 0, 0
77000, 23652, 1, 0, 0
78000, 23139, 1, 0, 0
79000, 22609, 1, 0, 0
80000, 22309, 1, 0, 0
81000, 23699, 1, 0, 0
82002, 23558, 1, 0, 0
83000, 23667, 1, 0, 0
84000, 23490, 1, 0, 0
85000, 23765, 1, 0, 0
86001, 24110, 1, 0, 0
87000, 23903, 1, 0, 0
88000, 23484, 1, 0, 0
89000, 23705, 1, 0, 0
90000, 24101, 1, 0, 0
91000, 23165, 1, 0, 0
92000, 23379, 1, 0, 0
93284, 51898, 1, 0, 0
94000, 21822, 1, 0, 0
95000, 22923, 1, 0, 0
96000, 23405, 1, 0, 0
97000, 23664, 1, 0, 0
98000, 23786, 1, 0, 0
99000, 24328, 1, 0, 0
100000, 23486, 1, 0, 0
101000, 24314, 1, 0, 0
102000, 23301, 1, 0, 0
103000, 23770, 1, 0, 0
104000, 23195, 1, 0, 0
105001, 23392, 1, 0, 0
106000, 23599, 1, 0, 0
107000, 23368, 1, 0, 0
108000, 24289, 1, 0, 0
109001, 23857, 1, 0, 0
110000, 23559, 1, 0, 0
111000, 23335, 1, 0, 0
112000, 23305, 1, 0, 0
113000, 24194, 1, 0, 0
114000, 23995, 1, 0, 0
115000, 22878, 1, 0, 0
116000, 23763, 1, 0, 0
117000, 23740, 1, 0, 0
118000, 23624, 1, 0, 0
119000, 23949, 1, 0, 0
120002, 23482, 1, 0, 0
121000, 22947, 1, 0, 0
122000, 23444, 1, 0, 0
123001, 23826, 1, 0, 0
124000, 23834, 1, 0, 0
125000, 95360, 1, 0, 0
126000, 24030, 1, 0, 0
127001, 23542, 1, 0, 0
128000, 24124, 1, 0, 0
129001, 26179, 1, 0, 0
130000, 25085, 1, 0, 0
131000, 23981, 1, 0, 0
132000, 24023, 1, 0, 0
133002, 24165, 1, 0, 0
134000, 23988, 1, 0, 0
135000, 23833, 1, 0, 0
136000, 24811, 1, 0, 0
137000, 24848, 1, 0, 0
138000, 25991, 1, 0, 0
139000, 27594, 1, 0, 0
140001, 29225, 1, 0, 0
141000, 27140, 1, 0, 0
142000, 23616, 1, 0, 0
143000, 23357, 1, 0, 0
144000, 23249, 1, 0, 0
145000, 23973, 1, 0, 0
146000, 25246, 1, 0, 0
147001, 23804, 1, 0, 0
148000, 23463, 1, 0, 0
149000, 23960, 1, 0, 0
150001, 23557, 1, 0, 0
151000, 23530, 1, 0, 0
152000, 24080, 1, 0, 0
153000, 24070, 1, 0, 0
154001, 23558, 1, 0, 0
155003, 23743, 1, 0, 0
156261, 53790, 1, 0, 0
157000, 22039, 1, 0, 0
158000, 23627, 1, 0, 0
159000, 23692, 1, 0, 0
160000, 23624, 1, 0, 0
161004, 24131, 1, 0, 0
162000, 23613, 1, 0, 0
163000, 23867, 1, 0, 0
164000, 23137, 1, 0, 0
165000, 23790, 1, 0, 0
166001, 24123, 1, 0, 0
167001, 24262, 1, 0, 0
168000, 24107, 1, 0, 0
169000, 24273, 1, 0, 0
170000, 24053, 1, 0, 0
171000, 23112, 1, 0, 0
172000, 23821, 1, 0, 0
173000, 24274, 1, 0, 0
174002, 24059, 1, 0, 0
175001, 23918, 1, 0, 0
176002, 23960, 1, 0, 0
177000, 23017, 1, 0, 0
178000, 23392, 1, 0, 0
179000, 24332, 1, 0, 0
180000, 23943, 1, 0, 0
181000, 24202, 1, 0, 0
182000, 24115, 1, 0, 0
183000, 23885, 1, 0, 0
184000, 24483, 1, 0, 0
185000, 23875, 1, 0, 0
186000, 24102, 1, 0, 0
187000, 23866, 1, 0, 0
188000, 83041, 1, 0, 0
189003, 22658, 1, 0, 0
190000, 24781, 1, 0, 0
191000, 24511, 1, 0, 0
192000, 24834, 1, 0, 0
193000, 24153, 1, 0, 0
194000, 23996, 1, 0, 0
195000, 23531, 1, 0, 0
196000, 23791, 1, 0, 0
197000, 23887, 1, 0, 0
198000, 23809, 1, 0, 0
199000, 23650, 1, 0, 0
200000, 23270, 1, 0, 0
201001, 23858, 1, 0, 0
202000, 24083, 1, 0, 0
203000, 24443, 1, 0, 0
204000, 25673, 1, 0, 0
205000, 23690, 1, 0, 0
206001, 23802, 1, 0, 0
207000, 23783, 1, 0, 0
208000, 24213, 1, 0, 0
209000, 23917, 1, 0, 0
210002, 24154, 1, 0, 0
211004, 23487, 1, 0, 0
212000, 24002, 1, 0, 0
213000, 23797, 1, 0, 0
214000, 23814, 1, 0, 0
215000, 23622, 1, 0, 0
216000, 23479, 1, 0, 0
217000, 24133, 1, 0, 0
218000, 24150, 1, 0, 0
219204, 53737, 1, 0, 0
220000, 22427, 1, 0, 0
221000, 23712, 1, 0, 0
222000, 24305, 1, 0, 0
223000, 24892, 1, 0, 0
224000, 23460, 1, 0, 0
225002, 24480, 1, 0, 0
226002, 24663, 1, 0, 0
227000, 24662, 1, 0, 0
228002, 24641, 1, 0, 0
229000, 24663, 1, 0, 0
230000, 25124, 1, 0, 0
231003, 25281, 1, 0, 0
232000, 26531, 1, 0, 0
233000, 27904, 1, 0, 0
234001, 28010, 1, 0, 0
235000, 27384, 1, 0, 0
236000, 23478, 1, 0, 0
237001, 23341, 1, 0, 0
238000, 23689, 1, 0, 0
239000, 24228, 1, 0, 0
240000, 24220, 1, 0, 0
241000, 23847, 1, 0, 0
242000, 24038, 1, 0, 0
243000, 23777, 1, 0, 0
244000, 24129, 1, 0, 0
245001, 24151, 1, 0, 0
246001, 23900, 1, 0, 0
247000, 24003, 1, 0, 0
248001, 24091, 1, 0, 0
249000, 23795, 1, 0, 0
250000, 23879, 1, 0, 0
251000, 82332, 1, 0, 0
252001, 23686, 1, 0, 0
253000, 24072, 1, 0, 0
254000, 24561, 1, 0, 0
255001, 26027, 1, 0, 0
256001, 28273, 1, 0, 0
257003, 30046, 1, 0, 0
258000, 30053, 1, 0, 0
259001, 29434, 1, 0, 0
260001, 29157, 1, 0, 0
261000, 32544, 1, 0, 0
262000, 24582, 1, 0, 0
263000, 23463, 1, 0, 0
264000, 23959, 1, 0, 0
265000, 23538, 1, 0, 0
266000, 23620, 1, 0, 0
267000, 23731, 1, 0, 0
268000, 23300, 1, 0, 0
269000, 23689, 1, 0, 0
270000, 24059, 1, 0, 0
271000, 23527, 1, 0, 0
272000, 23610, 1, 0, 0
273001, 24121, 1, 0, 0
274001, 23843, 1, 0, 0
275000, 23874, 1, 0, 0
276000, 23995, 1, 0, 0
277000, 23536, 1, 0, 0
278000, 23022, 1, 0, 0
279000, 23161, 1, 0, 0
280000, 23029, 1, 0, 0
281000, 23804, 1, 0, 0
282240, 58322, 1, 0, 0
283002, 22872, 1, 0, 0
284000, 24074, 1, 0, 0
285000, 24195, 1, 0, 0
286000, 24444, 1, 0, 0
287000, 24074, 1, 0, 0
288000, 24738, 1, 0, 0
289000, 23900, 1, 0, 0
290000, 23514, 1, 0, 0
291000, 23437, 1, 0, 0
292001, 23845, 1, 0, 0
293001, 24081, 1, 0, 0
294003, 23438, 1, 0, 0
295000, 23673, 1, 0, 0
296000, 23860, 1, 0, 0
297000, 23335, 1, 0, 0
298000, 23285, 1, 0, 0
299000, 24048, 1, 0, 0
300000, 23848, 1, 0, 0
301000, 24070, 1, 0, 0
302001, 23747, 1, 0, 0
303000, 23883, 1, 0, 0
304000, 24017, 1, 0, 0
305000, 23735, 1, 0, 0
306000, 23921, 1, 0, 0
307000, 24032, 1, 0, 0
308000, 23679, 1, 0, 0
309000, 24012, 1, 0, 0
310000, 23024, 1, 0, 0
311001, 23471, 1, 0, 0
312000, 23907, 1, 0, 0
313000, 23845, 1, 0, 0
314003, 68904, 1, 0, 0
315002, 22232, 1, 0, 0
316000, 23739, 1, 0, 0
317000, 24034, 1, 0, 0
318000, 24256, 1, 0, 0
319000, 23964, 1, 0, 0
320000, 23889, 1, 0, 0
321000, 24608, 1, 0, 0
322001, 23252, 1, 0, 0
323000, 23615, 1, 0, 0
324000, 22931, 1, 0, 0
325000, 24105, 1, 0, 0
326001, 24297, 1, 0, 0
327000, 23964, 1, 0, 0
328000, 24240, 1, 0, 0
329000, 23817, 1, 0, 0
330000, 23626, 1, 0, 0
331000, 23837, 1, 0, 0
332000, 24274, 1, 0, 0
333000, 24266, 1, 0, 0
334000, 24030, 1, 0, 0
335000, 24120, 1, 0, 0
336000, 23686, 1, 0, 0
337000, 24794, 1, 0, 0
338000, 24117, 1, 0, 0
339000, 24239, 1, 0, 0
340000, 24166, 1, 0, 0
341000, 24346, 1, 0, 0
342000, 24243, 1, 0, 0
343000, 23935, 1, 0, 0
344000, 24873, 1, 0, 0
345223, 60553, 1, 0, 0
346000, 23923, 1, 0, 0
347000, 24446, 1, 0, 0
348001, 24302, 1, 0, 0
349000, 24438, 1, 0, 0
350000, 24749, 1, 0, 0
351000, 24020, 1, 0, 0
352000, 24728, 1, 0, 0
353000, 25351, 1, 0, 0
354000, 27795, 1, 0, 0
355000, 23924, 1, 0, 0
356000, 23616, 1, 0, 0
357000, 23326, 1, 0, 0
358001, 23993, 1, 0, 0
359000, 24080, 1, 0, 0
360000, 23829, 1, 0, 0
361001, 23983, 1, 0, 0
362000, 23822, 1, 0, 0
363000, 24113, 1, 0, 0
364000, 24276, 1, 0, 0
365000, 24399, 1, 0, 0
366000, 23932, 1, 0, 0
367000, 23713, 1, 0, 0
368000, 24460, 1, 0, 0
369001, 23870, 1, 0, 0
370000, 23628, 1, 0, 0
371000, 23933, 1, 0, 0
372000, 23867, 1, 0, 0
373004, 23962, 1, 0, 0
374002, 23624, 1, 0, 0
375000, 24096, 1, 0, 0
376699, 41914, 1, 0, 0
377000, 22540, 1, 0, 0
378000, 23160, 1, 0, 0
379001, 23838, 1, 0, 0
380001, 23966, 1, 0, 0
381003, 23041, 1, 0, 0
382000, 23141, 1, 0, 0
383000, 24259, 1, 0, 0
384000, 24250, 1, 0, 0
385000, 23577, 1, 0, 0
386000, 24112, 1, 0, 0
387000, 24348, 1, 0, 0
388000, 23565, 1, 0, 0
389000, 24457, 1, 0, 0
390001, 23858, 1, 0, 0
391000, 24310, 1, 0, 0
392000, 24170, 1, 0, 0
393000, 23659, 1, 0, 0
394000, 23618, 1, 0, 0
395001, 23849, 1, 0, 0
396000, 24077, 1, 0, 0
397000, 23771, 1, 0, 0
398000, 24044, 1, 0, 0
399000, 23870, 1, 0, 0
400000, 23847, 1, 0, 0
401000, 23877, 1, 0, 0
401334, 23786, 1, 0, 0
