1000, 320220, 1, 0, 0
2000, 330446, 1, 0, 0
3000, 323868, 1, 0, 0
4000, 321408, 1, 0, 0
5000, 329413, 1, 0, 0
6000, 327640, 1, 0, 0
7000, 328100, 1, 0, 0
8000, 323451, 1, 0, 0
9000, 323784, 1, 0, 0
10000, 327440, 1, 0, 0
11000, 307543, 1, 0, 0
12000, 289280, 1, 0, 0
13001, 299536, 1, 0, 0
14000, 322858, 1, 0, 0
15000, 318288, 1, 0, 0
16000, 325389, 1, 0, 0
17000, 316440, 1, 0, 0
18000, 322248, 1, 0, 0
19000, 322042, 1, 0, 0
20000, 330596, 1, 0, 0
21000, 49705, 1, 0, 0
22000, 327416, 1, 0, 0
23001, 305932, 1, 0, 0
24000, 278570, 1, 0, 0
25000, 288220, 1, 0, 0
26000, 274202, 1, 0, 0
27000, 244748, 1, 0, 0
28000, 213341, 1, 0, 0
29000, 205845, 1, 0, 0
30000, 148748, 1, 0, 0
31000, 139523, 1, 0, 0
32000, 132780, 1, 0, 0
33000, 123359, 1, 0, 0
34000, 112908, 1, 0, 0
35000, 114322, 1, 0, 0
36000, 119915, 1, 0, 0
37000, 117400, 1, 0, 0
38000, 121533, 1, 0, 0
39000, 111548, 1, 0, 0
40000, 116544, 1, 0, 0
41000, 112892, 1, 0, 0
42000, 115831, 1, 0, 0
43001, 108628, 1, 0, 0
44000, 111095, 1, 0, 0
45000, 115539, 1, 0, 0
46000, 115224, 1, 0, 0
47000, 111295, 1, 0, 0
48000, 113112, 1, 0, 0
49000, 116696, 1, 0, 0
50000, 129453, 1, 0, 0
51000, 142568, 1, 0, 0
52000, 85245, 1, 0, 0
53000, 102512, 1, 0, 0
54000, 115715, 1, 0, 0
55000, 118436, 1, 0, 0
56000, 109869, 1, 0, 0
57001, 101808, 1, 0, 0
58000, 115255, 1, 0, 0
59000, 108768, 1, 0, 0
60000, 112744, 1, 0, 0
61000, 108304, 1, 0, 0
62000, 111059, 1, 0, 0
63000, 107016, 1, 0, 0
64000, 115059, 1, 0, 0
65000, 122838, 1, 0, 0
66000, 154672, 1, 0, 0
67000, 157173, 1, 0, 0
68000, 155064, 1, 0, 0
69000, 151351, 1, 0, 0
70000, 155416, 1, 0, 0
71000, 154920, 1, 0, 0
72000, 149289, 1, 0, 0
73000, 142768, 1, 0, 0
74000, 150174, 1, 0, 0
75000, 149584, 1, 0, 0
76000, 145233, 1, 0, 0
77000, 144416, 1, 0, 0
78001, 150664, 1, 0, 0
79000, 152428, 1, 0, 0
80000, 150896, 1, 0, 0
81000, 146782, 1, 0, 0
82000, 146636, 1, 0, 0
83000, 117861, 1, 0, 0
84000, 68900, 1, 0, 0
85000, 139160, 1, 0, 0
86000, 154862, 1, 0, 0
87000, 153228, 1, 0, 0
88001, 155652, 1, 0, 0
89000, 154606, 1, 0, 0
90000, 158480, 1, 0, 0
91000, 150882, 1, 0, 0
92000, 151840, 1, 0, 0
93000, 146498, 1, 0, 0
94000, 154974, 1, 0, 0
95000, 151556, 1, 0, 0
96000, 150054, 1, 0, 0
97000, 150508, 1, 0, 0
98000, 152332, 1, 0, 0
99000, 145416, 1, 0, 0
100000, 148044, 1, 0, 0
101000, 139707, 1, 0, 0
102000, 148292, 1, 0, 0
103000, 138638, 1, 0, 0
104000, 143284, 1, 0, 0
105000, 140300, 1, 0, 0
106000, 137628, 1, 0, 0
107000, 136440, 1, 0, 0
108000, 131552, 1, 0, 0
109000, 132040, 1, 0, 0
110001, 128096, 1, 0, 0
111000, 130906, 1, 0, 0
112001, 140080, 1, 0, 0
113000, 134082, 1, 0, 0
114000, 131695, 1, 0, 0
115000, 47912, 1, 0, 0
116000, 138522, 1, 0, 0
117000, 132004, 1, 0, 0
118000, 128224, 1, 0, 0
119001, 131652, 1, 0, 0
120000, 134718, 1, 0, 0
121000, 125857, 1, 0, 0
122000, 128216, 1, 0, 0
123000, 134386, 1, 0, 0
124000, 128596, 1, 0, 0
125000, 126502, 1, 0, 0
126000, 128508, 1, 0, 0
127000, 125889, 1, 0, 0
128000, 127364, 1, 0, 0
129000, 130402, 1, 0, 0
130001, 124224, 1, 0, 0
131000, 124100, 1, 0, 0
132000, 128744, 1, 0, 0
133000, 133944, 1, 0, 0
134000, 125621, 1, 0, 0
135000, 131048, 1, 0, 0
136000, 127367, 1, 0, 0
137000, 127796, 1, 0, 0
138000, 123823, 1, 0, 0
139001, 125336, 1, 0, 0
140000, 126006, 1, 0, 0
141000, 120600, 1, 0, 0
142000, 128016, 1, 0, 0
143000, 125289, 1, 0, 0
144000, 129528, 1, 0, 0
145000, 126238, 1, 0, 0
146000, 99580, 1, 0, 0
147000, 65541, 1, 0, 0
148000, 117225, 1, 0, 0
149000, 112524, 1, 0, 0
150000, 115179, 1, 0, 0
151000, 114220, 1, 0, 0
152000, 112812, 1, 0, 0
153000, 112500, 1, 0, 0
154000, 113533, 1, 0, 0
155000, 111211, 1, 0, 0
156000, 117260, 1, 0, 0
157000, 114126, 1, 0, 0
158000, 117524, 1, 0, 0
159000, 119675, 1, 0, 0
160000, 112944, 1, 0, 0
161000, 113537, 1, 0, 0
162000, 118014, 1, 0, 0
163000, 114528, 1, 0, 0
164000, 113389, 1, 0, 0
165001, 122336, 1, 0, 0
166000, 113725, 1, 0, 0
167000, 121497, 1, 0, 0
168000, 160712, 1, 0, 0
169000, 154330, 1, 0, 0
170000, 156952, 1, 0, 0
171000, 154162, 1, 0, 0
172000, 154340, 1, 0, 0
173000, 152128, 1, 0, 0
174000, 151944, 1, 0, 0
175000, 141441, 1, 0, 0
176000, 131252, 1, 0, 0
177000, 131931, 1, 0, 0
178000, 44496, 1, 0, 0
179000, 129317, 1, 0, 0
180000, 141897, 1, 0, 0
181000, 155380, 1, 0, 0
182000, 150426, 1, 0, 0
183000, 153580, 1, 0, 0
184000, 157321, 1, 0, 0
185000, 156468, 1, 0, 0
186000, 154982, 1, 0, 0
187000, 155468, 1, 0, 0
188000, 152496, 1, 0, 0
189000, 151760, 1, 0, 0
190000, 155807, 1, 0, 0
191000, 152792, 1, 0, 0
192000, 153737, 1, 0, 0
193000, 151552, 1, 0, 0
194000, 145661, 1, 0, 0
195000, 142844, 1, 0, 0
196000, 141789, 1, 0, 0
197000, 134416, 1, 0, 0
198000, 137609, 1, 0, 0
199000, 136604, 1, 0, 0
200000, 133189, 1, 0, 0
201000, 135156, 1, 0, 0
202000, 132852, 1, 0, 0
203000, 129000, 1, 0, 0
204000, 125897, 1, 0, 0
205000, 126980, 1, 0, 0
206000, 135219, 1, 0, 0
207000, 131972, 1, 0, 0
208000, 121825, 1, 0, 0
209000, 93373, 1, 0, 0
210000, 74964, 1, 0, 0
211000, 131627, 1, 0, 0
212000, 128320, 1, 0, 0
213000, 130358, 1, 0, 0
214000, 133557, 1, 0, 0
215000, 128360, 1, 0, 0
216000, 127860, 1, 0, 0
217000, 125265, 1, 0, 0
218000, 124644, 1, 0, 0
219000, 119836, 1, 0, 0
220000, 116080, 1, 0, 0
221000, 123396, 1, 0, 0
222000, 60920, 1, 0, 0
223000, 120496, 1, 0, 0
224000, 118290, 1, 0, 0
225000, 112244, 1, 0, 0
226000, 113968, 1, 0, 0
227000, 110928, 1, 0, 0
228000, 116548, 1, 0, 0
229000, 111367, 1, 0, 0
230000, 116704, 1, 0, 0
231000, 113273, 1, 0, 0
232000, 115840, 1, 0, 0
233000, 120524, 1, 0, 0
234001, 103296, 1, 0, 0
235000, 103227, 1, 0, 0
236000, 115871, 1, 0, 0
237000, 110700, 1, 0, 0
238000, 114074, 1, 0, 0
239000, 114000, 1, 0, 0
240000, 113777, 1, 0, 0
241000, 38106, 1, 0, 0
242000, 112352, 1, 0, 0
243000, 111047, 1, 0, 0
244000, 117833, 1, 0, 0
245000, 142972, 1, 0, 0
246001, 153992, 1, 0, 0
247000, 154014, 1, 0, 0
248000, 159103, 1, 0, 0
249000, 152592, 1, 0, 0
250000, 156400, 1, 0, 0
251000, 154848, 1, 0, 0
252001, 155448, 1, 0, 0
253000, 152696, 1, 0, 0
254000, 155992, 1, 0, 0
255000, 153477, 1, 0, 0
256000, 151888, 1, 0, 0
257000, 150216, 1, 0, 0
258000, 136644, 1, 0, 0
259000, 137624, 1, 0, 0
260000, 135816, 1, 0, 0
261000, 124000, 1, 0, 0
262000, 126436, 1, 0, 0
263000, 131743, 1, 0, 0
264000, 131432, 1, 0, 0
265000, 125097, 1, 0, 0
266000, 128616, 1, 0, 0
267000, 129268, 1, 0, 0
268000, 128468, 1, 0, 0
269000, 126304, 1, 0, 0
270000, 119896, 1, 0, 0
271000, 127103, 1, 0, 0
272000, 90120, 1, 0, 0
273000, 83695, 1, 0, 0
274000, 157061, 1, 0, 0
275000, 147708, 1, 0, 0
276000, 132076, 1, 0, 0
277000, 125137, 1, 0, 0
278000, 122048, 1, 0, 0
279000, 125793, 1, 0, 0
280000, 120260, 1, 0, 0
281000, 120700, 1, 0, 0
282000, 118460, 1, 0, 0
283000, 118318, 1, 0, 0
284000, 123452, 1, 0, 0
285000, 117601, 1, 0, 0
286000, 116992, 1, 0, 0
287000, 124836, 1, 0, 0
288000, 123795, 1, 0, 0
289000, 120492, 1, 0, 0
290000, 122918, 1, 0, 0
291000, 120424, 1, 0, 0
292000, 121845, 1, 0, 0
293000, 115912, 1, 0, 0
294000, 123755, 1, 0, 0
295000, 118524, 1, 0, 0
296000, 118342, 1, 0, 0
297000, 120532, 1, 0, 0
298000, 121116, 1, 0, 0
299000, 117137, 1, 0, 0
300000, 127236, 1, 0, 0
301000, 117757, 1, 0, 0
302000, 120376, 1, 0, 0
303000, 119143, 1, 0, 0
304000, 52260, 1, 0, 0
305000, 121677, 1, 0, 0
306000, 114294, 1, 0, 0
307000, 111208, 1, 0, 0
308000, 114590, 1, 0, 0
309000, 113608, 1, 0, 0
310000, 122674, 1, 0, 0
311000, 125397, 1, 0, 0
312000, 110936, 1, 0, 0
313000, 113225, 1, 0, 0
314000, 115487, 1, 0, 0
315000, 111768, 1, 0, 0
316000, 114094, 1, 0, 0
317000, 113273, 1, 0, 0
318000, 112396, 1, 0, 0
319000, 117289, 1, 0, 0
320000, 114592, 1, 0, 0
321000, 112780, 1, 0, 0
322001, 118812, 1, 0, 0
323000, 113157, 1, 0, 0
324000, 112048, 1, 0, 0
325000, 148168, 1, 0, 0
326000, 157113, 1, 0, 0
327000, 153832, 1, 0, 0
328000, 152492, 1, 0, 0
329000, 145128, 1, 0, 0
330000, 131915, 1, 0, 0
331000, 124700, 1, 0, 0
332000, 124828, 1, 0, 0
333000, 118632, 1, 0, 0
334000, 119291, 1, 0, 0
335000, 54658, 1, 0, 0
336000, 114372, 1, 0, 0
337000, 140356, 1, 0, 0
338000, 151388, 1, 0, 0
339000, 143763, 1, 0, 0
340000, 156944, 1, 0, 0
341000, 152236, 1, 0, 0
342000, 140424, 1, 0, 0
343000, 142070, 1, 0, 0
344000, 133072, 1, 0, 0
345000, 132712, 1, 0, 0
346001, 126168, 1, 0, 0
347000, 125849, 1, 0, 0
348000, 120156, 1, 0, 0
349000, 128952, 1, 0, 0
350000, 120048, 1, 0, 0
351001, 108284, 1, 0, 0
352000, 118906, 1, 0, 0
353000, 116448, 1, 0, 0
354000, 113864, 1, 0, 0
355000, 116912, 1, 0, 0
356000, 111811, 1, 0, 0
357000, 116364, 1, 0, 0
358000, 117281, 1, 0, 0
359000, 119604, 1, 0, 0
360000, 109885, 1, 0, 0
361000, 112232, 1, 0, 0
362000, 118068, 1, 0, 0
363000, 116980, 1, 0, 0
364000, 113332, 1, 0, 0
365000, 116368, 1, 0, 0
366001, 109844, 1, 0, 0
367000, 60524, 1, 0, 0
368000, 126106, 1, 0, 0
369000, 114956, 1, 0, 0
370000, 115319, 1, 0, 0
371000, 113485, 1, 0, 0
372000, 114672, 1, 0, 0
373000, 112312, 1, 0, 0
374001, 118608, 1, 0, 0
375000, 108040, 1, 0, 0
376000, 113569, 1, 0, 0
377000, 117969, 1, 0, 0
378000, 126800, 1, 0, 0
379000, 119935, 1, 0, 0
380000, 104712, 1, 0, 0
381000, 115843, 1, 0, 0
382000, 119996, 1, 0, 0
383000, 114386, 1, 0, 0
384000, 115643, 1, 0, 0
385000, 114208, 1, 0, 0
386000, 116788, 1, 0, 0
387000, 118920, 1, 0, 0
388000, 115943, 1, 0, 0
389000, 111884, 1, 0, 0
390000, 110722, 1, 0, 0
391000, 110506, 1, 0, 0
392000, 109128, 1, 0, 0
393000, 111819, 1, 0, 0
394000, 112880, 1, 0, 0
395000, 117964, 1, 0, 0
396000, 118082, 1, 0, 0
397000, 113856, 1, 0, 0
398000, 50858, 1, 0, 0
399000, 119519, 1, 0, 0
400000, 112336, 1, 0, 0
401000, 112984, 1, 0, 0
402000, 112476, 1, 0, 0
403000, 112340, 1, 0, 0
404001, 113596, 1, 0, 0
405000, 112836, 1, 0, 0
406000, 118544, 1, 0, 0
407000, 124228, 1, 0, 0
408000, 110882, 1, 0, 0
409000, 110700, 1, 0, 0
410000, 107463, 1, 0, 0
411000, 103739, 1, 0, 0
412000, 108164, 1, 0, 0
413000, 111199, 1, 0, 0
414000, 104396, 1, 0, 0
415000, 117593, 1, 0, 0
416000, 118734, 1, 0, 0
417000, 108196, 1, 0, 0
418000, 108884, 1, 0, 0
419000, 117424, 1, 0, 0
420000, 136408, 1, 0, 0
421000, 140516, 1, 0, 0
422000, 140416, 1, 0, 0
423000, 128748, 1, 0, 0
424000, 123391, 1, 0, 0
425000, 114890, 1, 0, 0
426000, 110420, 1, 0, 0
427000, 111695, 1, 0, 0
428000, 111195, 1, 0, 0
429000, 102496, 1, 0, 0
430000, 49973, 1, 0, 0
431000, 119247, 1, 0, 0
432000, 150960, 1, 0, 0
433000, 130674, 1, 0, 0
434000, 123040, 1, 0, 0
435000, 127659, 1, 0, 0
436000, 117860, 1, 0, 0
437000, 116728, 1, 0, 0
438000, 116636, 1, 0, 0
439000, 118122, 1, 0, 0
440000, 114048, 1, 0, 0
441000, 110702, 1, 0, 0
442001, 112356, 1, 0, 0
443000, 107359, 1, 0, 0
444000, 105777, 1, 0, 0
445000, 110808, 1, 0, 0
446000, 100756, 1, 0, 0
447000, 113284, 1, 0, 0
448000, 104608, 1, 0, 0
449000, 106060, 1, 0, 0
450000, 100892, 1, 0, 0
451001, 98048, 1, 0, 0
452000, 100344, 1, 0, 0
453000, 101981, 1, 0, 0
454000, 99328, 1, 0, 0
455000, 93969, 1, 0, 0
456000, 95255, 1, 0, 0
457000, 92108, 1, 0, 0
458001, 101412, 1, 0, 0
459000, 97389, 1, 0, 0
460000, 112796, 1, 0, 0
461000, 38696, 1, 0, 0
462000, 81285, 1, 0, 0
463000, 91439, 1, 0, 0
464000, 99900, 1, 0, 0
465000, 90310, 1, 0, 0
466001, 90628, 1, 0, 0
467000, 111839, 1, 0, 0
468000, 105412, 1, 0, 0
469000, 97845, 1, 0, 0
470000, 95592, 1, 0, 0
471000, 104672, 1, 0, 0
472000, 98340, 1, 0, 0
473000, 92668, 1, 0, 0
474000, 105573, 1, 0, 0
475000, 98804, 1, 0, 0
476000, 88052, 1, 0, 0
477000, 108492, 1, 0, 0
478000, 98524, 1, 0, 0
479000, 87168, 1, 0, 0
480000, 82394, 1, 0, 0
481000, 85160, 1, 0, 0
482000, 88544, 1, 0, 0
483000, 93028, 1, 0, 0
484000, 89181, 1, 0, 0
485000, 83015, 1, 0, 0
486000, 89896, 1, 0, 0
487000, 107019, 1, 0, 0
488000, 96016, 1, 0, 0
489000, 83707, 1, 0, 0
490000, 90824, 1, 0, 0
491000, 94446, 1, 0, 0
492000, 68804, 1, 0, 0
493000, 36952, 1, 0, 0
494000, 68740, 1, 0, 0
495000, 67803, 1, 0, 0
496000, 69700, 1, 0, 0
497000, 98706, 1, 0, 0
498000, 100528, 1, 0, 0
499000, 106218, 1, 0, 0
500000, 111888, 1, 0, 0
501000, 116188, 1, 0, 0
502000, 110748, 1, 0, 0
503000, 110678, 1, 0, 0
504000, 106684, 1, 0, 0
505000, 99295, 1, 0, 0
506000, 110984, 1, 0, 0
507000, 114880, 1, 0, 0
508000, 109441, 1, 0, 0
509000, 107272, 1, 0, 0
510000, 107552, 1, 0, 0
511000, 108816, 1, 0, 0
512000, 104232, 1, 0, 0
513000, 110364, 1, 0, 0
514000, 106706, 1, 0, 0
