1000, 1532391, 1, 0, 0
2000, 1565969, 1, 0, 0
3000, 1612989, 1, 0, 0
4000, 1548663, 1, 0, 0
5000, 1552646, 1, 0, 0
6000, 1571908, 1, 0, 0
7000, 1563083, 1, 0, 0
8000, 1486419, 1, 0, 0
9000, 1375858, 1, 0, 0
10001, 1569880, 1, 0, 0
11000, 1512417, 1, 0, 0
12000, 1457518, 1, 0, 0
13000, 1570741, 1, 0, 0
14000, 1589580, 1, 0, 0
15004, 1569346, 1, 0, 0
16000, 1592752, 1, 0, 0
17000, 1398304, 1, 0, 0
18000, 1712728, 1, 0, 0
19000, 1810440, 1, 0, 0
20000, 1786982, 1, 0, 0
21000, 1804075, 1, 0, 0
22000, 1798885, 1, 0, 0
23000, 1604879, 1, 0, 0
24000, 1771250, 1, 0, 0
25000, 1764328, 1, 0, 0
26000, 1645058, 1, 0, 0
27000, 1579590, 1, 0, 0
28000, 1585201, 1, 0, 0
29000, 1562348, 1, 0, 0
30000, 1603866, 1, 0, 0
31000, 2322053, 1, 0, 0
32000, 1621518, 1, 0, 0
33000, 1571817, 1, 0, 0
34000, 1661376, 1, 0, 0
35000, 1748951, 1, 0, 0
36000, 2094789, 1, 0, 0
37000, 2142999, 1, 0, 0
38001, 2915918, 1, 0, 0
39000, 3285140, 1, 0, 0
40000, 3097864, 1, 0, 0
41000, 3034359, 1, 0, 0
42000, 3031885, 1, 0, 0
43000, 3106010, 1, 0, 0
44000, 3107165, 1, 0, 0
45001, 3092626, 1, 0, 0
46000, 3138109, 1, 0, 0
47000, 3161452, 1, 0, 0
48003, 3129700, 1, 0, 0
49004, 3149421, 1, 0, 0
50001, 3174870, 1, 0, 0
51001, 3235965, 1, 0, 0
52000, 3158814, 1, 0, 0
53000, 3204853, 1, 0, 0
54000, 3254788, 1, 0, 0
55000, 3461064, 1, 0, 0
56000, 3303145, 1, 0, 0
57000, 3306708, 1, 0, 0
58000, 3305222, 1, 0, 0
59000, 3324702, 1, 0, 0
60000, 3280593, 1, 0, 0
61000, 3331890, 1, 0, 0
62001, 7377713, 1, 0, 0
63000, 3238504, 1, 0, 0
64000, 3234982, 1, 0, 0
65000, 3354047, 1, 0, 0
66000, 3237219, 1, 0, 0
67000, 3104082, 1, 0, 0
68000, 3199048, 1, 0, 0
69000, 3181949, 1, 0, 0
70000, 3250428, 1, 0, 0
71000, 3241018, 1, 0, 0
72000, 3243945, 1, 0, 0
73000, 3219190, 1, 0, 0
74000, 3252661, 1, 0, 0
75000, 3211373, 1, 0, 0
76000, 3223872, 1, 0, 0
77000, 3261425, 1, 0, 0
78000, 3242086, 1, 0, 0
79000, 3165808, 1, 0, 0
80000, 3069591, 1, 0, 0
81000, 3255715, 1, 0, 0
82002, 3257052, 1, 0, 0
83000, 3284044, 1, 0, 0
84000, 3252577, 1, 0, 0
85000, 3261722, 1, 0, 0
86001, 3289745, 1, 0, 0
87000, 3269772, 1, 0, 0
88000, 3217989, 1, 0, 0
89000, 3250029, 1, 0, 0
90000, 3264626, 1, 0, 0
91000, 3247732, 1, 0, 0
92000, 3264347, 1, 0, 0
93284, 3262403, 1, 0, 0
94000, 5833004, 1, 0, 0
95000, 3135511, 1, 0, 0
96000, 3196271, 1, 0, 0
97000, 3266927, 1, 0, 0
98000, 3267627, 1, 0, 0
99000, 3323452, 1, 0, 0
100000, 3235170, 1, 0, 0
101000, 3274409, 1, 0, 0
102000, 3250829, 1, 0, 0
103000, 3297979, 1, 0, 0
104000, 3165533, 1, 0, 0
105001, 3237700, 1, 0, 0
106000, 3247542, 1, 0, 0
107000, 3236247, 1, 0, 0
108000, 3289155, 1, 0, 0
109001, 3277638, 1, 0, 0
110000, 3287769, 1, 0, 0
111000, 3206706, 1, 0, 0
112000, 3216855, 1, 0, 0
113000, 3336769, 1, 0, 0
114000, 3277983, 1, 0, 0
115000, 3164942, 1, 0, 0
116000, 3284812, 1, 0, 0
117000, 3287776, 1, 0, 0
118000, 3272179, 1, 0, 0
119000, 3313298, 1, 0, 0
120002, 3244543, 1, 0, 0
121000, 3191357, 1, 0, 0
122000, 3245288, 1, 0, 0
123001, 3295021, 1, 0, 0
124000, 3280701, 1, 0, 0
125000, 12403897, 1, 0, 0
126000, 3278976, 1, 0, 0
127001, 3240913, 1, 0, 0
128000, 3320858, 1, 0, 0
129001, 3585468, 1, 0, 0
130000, 3447804, 1, 0, 0
131000, 3317288, 1, 0, 0
132000, 3323964, 1, 0, 0
133002, 3308039, 1, 0, 0
134000, 3257330, 1, 0, 0
135000, 3280078, 1, 0, 0
136000, 3418724, 1, 0, 0
137000, 3385610, 1, 0, 0
138000, 3517787, 1, 0, 0
139000, 3753357, 1, 0, 0
140001, 3963027, 1, 0, 0
141000, 3694282, 1, 0, 0
142000, 3215912, 1, 0, 0
143000, 3202780, 1, 0, 0
144000, 3196432, 1, 0, 0
145000, 3286131, 1, 0, 0
146000, 3476214, 1, 0, 0
147001, 3263518, 1, 0, 0
148000, 3217679, 1, 0, 0
149000, 3279398, 1, 0, 0
150001, 3216164, 1, 0, 0
151000, 3199217, 1, 0, 0
152000, 3310658, 1, 0, 0
153000, 3302181, 1, 0, 0
154001, 3246133, 1, 0, 0
155003, 3265606, 1, 0, 0
156261, 3314634, 1, 0, 0
157000, 5879883, 1, 0, 0
158000, 3202891, 1, 0, 0
159000, 3280322, 1, 0, 0
160000, 3261138, 1, 0, 0
161004, 3313586, 1, 0, 0
162000, 3276004, 1, 0, 0
163000, 3289601, 1, 0, 0
164000, 3195670, 1, 0, 0
165000, 3267266, 1, 0, 0
166001, 3313637, 1, 0, 0
167001, 3320820, 1, 0, 0
168000, 3337078, 1, 0, 0
169000, 3284909, 1, 0, 0
170000, 3291048, 1, 0, 0
171000, 3226640, 1, 0, 0
172000, 3281182, 1, 0, 0
173000, 3295471, 1, 0, 0
174002, 3328757, 1, 0, 0
175001, 3251945, 1, 0, 0
176002, 3291688, 1, 0, 0
177000, 3175927, 1, 0, 0
178000, 3192526, 1, 0, 0
179000, 3327702, 1, 0, 0
180000, 3284827, 1, 0, 0
181000, 3333923, 1, 0, 0
182000, 3279741, 1, 0, 0
183000, 3302165, 1, 0, 0
184000, 3364952, 1, 0, 0
185000, 3285892, 1, 0, 0
186000, 3342122, 1, 0, 0
187000, 3272949, 1, 0, 0
188000, 10868385, 1, 0, 0
189003, 3093216, 1, 0, 0
190000, 3353809, 1, 0, 0
191000, 3329263, 1, 0, 0
192000, 3372267, 1, 0, 0
193000, 3329460, 1, 0, 0
194000, 3315071, 1, 0, 0
195000, 3251008, 1, 0, 0
196000, 3285556, 1, 0, 0
197000, 3296073, 1, 0, 0
198000, 3308574, 1, 0, 0
199000, 3248858, 1, 0, 0
200000, 3211486, 1, 0, 0
201001, 3291937, 1, 0, 0
202000, 3322091, 1, 0, 0
203000, 3355949, 1, 0, 0
204000, 3480695, 1, 0, 0
205000, 3239418, 1, 0, 0
206001, 3253210, 1, 0, 0
207000, 3261794, 1, 0, 0
208000, 3300226, 1, 0, 0
209000, 3302114, 1, 0, 0
210002, 3270051, 1, 0, 0
211004, 3231112, 1, 0, 0
212000, 3319703, 1, 0, 0
213000, 3274895, 1, 0, 0
214000, 3265852, 1, 0, 0
215000, 3261025, 1, 0, 0
216000, 3250092, 1, 0, 0
217000, 3280891, 1, 0, 0
218000, 3304260, 1, 0, 0
219204, 3325034, 1, 0, 0
220000, 5584489, 1, 0, 0
221000, 3268532, 1, 0, 0
222000, 3331337, 1, 0, 0
223000, 3359867, 1, 0, 0
224000, 3209907, 1, 0, 0
225002, 3330507, 1, 0, 0
226002, 3365217, 1, 0, 0
227000, 3366770, 1, 0, 0
228002, 3380098, 1, 0, 0
229000, 3403636, 1, 0, 0
230000, 3433361, 1, 0, 0
231003, 3430067, 1, 0, 0
232000, 3596326, 1, 0, 0
233000, 3860676, 1, 0, 0
234001, 3859924, 1, 0, 0
235000, 3747428, 1, 0, 0
236000, 3213598, 1, 0, 0
237001, 3198934, 1, 0, 0
238000, 3261065, 1, 0, 0
239000, 3294726, 1, 0, 0
240000, 3341121, 1, 0, 0
241000, 3288686, 1, 0, 0
242000, 3290775, 1, 0, 0
243000, 3286698, 1, 0, 0
244000, 3302219, 1, 0, 0
245001, 3281802, 1, 0, 0
246001, 3270005, 1, 0, 0
247000, 3289495, 1, 0, 0
248001, 3264895, 1, 0, 0
249000, 3273634, 1, 0, 0
250000, 3277849, 1, 0, 0
251000, 10801056, 1, 0, 0
252001, 3249798, 1, 0, 0
253000, 3297987, 1, 0, 0
254000, 3357684, 1, 0, 0
255001, 3565041, 1, 0, 0
256001, 3880729, 1, 0, 0
257003, 4004129, 1, 0, 0
258000, 4054658, 1, 0, 0
259001, 4024521, 1, 0, 0
260001, 4050653, 1, 0, 0
261000, 4419113, 1, 0, 0
262000, 3305409, 1, 0, 0
263000, 3202061, 1, 0, 0
264000, 3278668, 1, 0, 0
265000, 3272149, 1, 0, 0
266000, 3246062, 1, 0, 0
267000, 3270605, 1, 0, 0
268000, 3260173, 1, 0, 0
269000, 3229255, 1, 0, 0
270000, 3267735, 1, 0, 0
271000, 3209285, 1, 0, 0
272000, 3255801, 1, 0, 0
273001, 3311918, 1, 0, 0
274001, 3254674, 1, 0, 0
275000, 3273072, 1, 0, 0
276000, 3273245, 1, 0, 0
277000, 3249255, 1, 0, 0
278000, 3200325, 1, 0, 0
279000, 3237262, 1, 0, 0
280000, 3204088, 1, 0, 0
281000, 3270362, 1, 0, 0
282240, 3313758, 1, 0, 0
283002, 6045639, 1, 0, 0
284000, 3292999, 1, 0, 0
285000, 3291402, 1, 0, 0
286000, 3374869, 1, 0, 0
287000, 3279340, 1, 0, 0
288000, 3365864, 1, 0, 0
289000, 3250787, 1, 0, 0
290000, 3230783, 1, 0, 0
291000, 3210589, 1, 0, 0
292001, 3266244, 1, 0, 0
293001, 3271153, 1, 0, 0
294003, 3238937, 1, 0, 0
295000, 3280432, 1, 0, 0
296000, 3323273, 1, 0, 0
297000, 3205610, 1, 0, 0
298000, 3220028, 1, 0, 0
299000, 3240470, 1, 0, 0
300000, 3272668, 1, 0, 0
301000, 3270331, 1, 0, 0
302001, 3257935, 1, 0, 0
303000, 3278078, 1, 0, 0
304000, 3270192, 1, 0, 0
305000, 3265470, 1, 0, 0
306000, 3287613, 1, 0, 0
307000, 3287659, 1, 0, 0
308000, 3250666, 1, 0, 0
309000, 3258838, 1, 0, 0
310000, 3203200, 1, 0, 0
311001, 3242916, 1, 0, 0
312000, 3294831, 1, 0, 0
313000, 3272376, 1, 0, 0
314003, 9005268, 1, 0, 0
315002, 3106917, 1, 0, 0
316000, 3277292, 1, 0, 0
317000, 3284003, 1, 0, 0
318000, 3296383, 1, 0, 0
319000, 3278808, 1, 0, 0
320000, 3273860, 1, 0, 0
321000, 3308596, 1, 0, 0
322001, 3193335, 1, 0, 0
323000, 3254659, 1, 0, 0
324000, 3146999, 1, 0, 0
325000, 3250709, 1, 0, 0
326001, 3290006, 1, 0, 0
327000, 3296721, 1, 0, 0
328000, 3324766, 1, 0, 0
329000, 3276254, 1, 0, 0
330000, 3273076, 1, 0, 0
331000, 3298559, 1, 0, 0
332000, 3298051, 1, 0, 0
333000, 3290569, 1, 0, 0
334000, 3286862, 1, 0, 0
335000, 3328319, 1, 0, 0
336000, 3268513, 1, 0, 0
337000, 3335863, 1, 0, 0
338000, 3257812, 1, 0, 0
339000, 3303508, 1, 0, 0
340000, 3273246, 1, 0, 0
341000, 3280675, 1, 0, 0
342000, 3300598, 1, 0, 0
343000, 3278565, 1, 0, 0
344000, 3350927, 1, 0, 0
345223, 3304392, 1, 0, 0
346000, 6232380, 1, 0, 0
347000, 3357720, 1, 0, 0
348001, 3346555, 1, 0, 0
349000, 3359164, 1, 0, 0
350000, 3385956, 1, 0, 0
351000, 3300235, 1, 0, 0
352000, 3387812, 1, 0, 0
353000, 3450221, 1, 0, 0
354000, 3782640, 1, 0, 0
355000, 3216793, 1, 0, 0
356000, 3230828, 1, 0, 0
357000, 3214079, 1, 0, 0
358001, 3272730, 1, 0, 0
359000, 3309889, 1, 0, 0
360000, 3273835, 1, 0, 0
361001, 3278596, 1, 0, 0
362000, 3271386, 1, 0, 0
363000, 3249726, 1, 0, 0
364000, 3270357, 1, 0, 0
365000, 3281557, 1, 0, 0
366000, 3277681, 1, 0, 0
367000, 3260718, 1, 0, 0
368000, 3310413, 1, 0, 0
369001, 3277903, 1, 0, 0
370000, 3243817, 1, 0, 0
371000, 3284516, 1, 0, 0
372000, 3251037, 1, 0, 0
373004, 3253441, 1, 0, 0
374002, 3274004, 1, 0, 0
375000, 3321363, 1, 0, 0
376699, 3303018, 1, 0, 0
377000, 10267839, 1, 0, 0
378000, 3170393, 1, 0, 0
379001, 3265441, 1, 0, 0
380001, 3269397, 1, 0, 0
381003, 3159178, 1, 0, 0
382000, 3177531, 1, 0, 0
383000, 3271412, 1, 0, 0
384000, 3343061, 1, 0, 0
385000, 3254965, 1, 0, 0
386000, 3305272, 1, 0, 0
387000, 3375386, 1, 0, 0
388000, 3260754, 1, 0, 0
389000, 3342218, 1, 0, 0
390001, 3275453, 1, 0, 0
391000, 3332177, 1, 0, 0
392000, 3310563, 1, 0, 0
393000, 3269098, 1, 0, 0
394000, 3248355, 1, 0, 0
395001, 3302027, 1, 0, 0
396000, 3302263, 1, 0, 0
397000, 3286379, 1, 0, 0
398000, 3284969, 1, 0, 0
399000, 3265298, 1, 0, 0
400000, 3281266, 1, 0, 0
401000, 3306285, 1, 0, 0
401334, 3294472, 1, 0, 0
