1000, 1594540, 1, 0, 0
2000, 1550412, 1, 0, 0
3000, 1581093, 1, 0, 0
4000, 1591671, 1, 0, 0
5000, 1555720, 1, 0, 0
6000, 1561581, 1, 0, 0
7000, 1561285, 1, 0, 0
8000, 1583053, 1, 0, 0
9000, 1579073, 1, 0, 0
10000, 1566613, 1, 0, 0
11000, 1664081, 1, 0, 0
12000, 1769813, 1, 0, 0
13000, 1710350, 1, 0, 0
14000, 1585646, 1, 0, 0
15000, 1608619, 1, 0, 0
16000, 1573507, 1, 0, 0
17000, 1615914, 1, 0, 0
18000, 1591257, 1, 0, 0
19000, 1589603, 1, 0, 0
20000, 1549032, 1, 0, 0
21000, 10318906, 1, 0, 0
22000, 1564345, 1, 0, 0
23000, 1673448, 1, 0, 0
24000, 1836353, 1, 0, 0
25000, 1779145, 1, 0, 0
26000, 1864929, 1, 0, 0
27000, 2091180, 1, 0, 0
28000, 2391089, 1, 0, 0
29000, 2501534, 1, 0, 0
30001, 3435937, 1, 0, 0
31000, 3678547, 1, 0, 0
32000, 3859347, 1, 0, 0
33000, 4143685, 1, 0, 0
34000, 4542457, 1, 0, 0
35000, 4477419, 1, 0, 0
36001, 4270348, 1, 0, 0
37001, 4358203, 1, 0, 0
38002, 4211108, 1, 0, 0
39000, 4600261, 1, 0, 0
40000, 4392268, 1, 0, 0
41000, 4539513, 1, 0, 0
42000, 4422731, 1, 0, 0
43000, 4719771, 1, 0, 0
44000, 4602221, 1, 0, 0
45000, 4432552, 1, 0, 0
46000, 4450569, 1, 0, 0
47001, 4587495, 1, 0, 0
48000, 4541999, 1, 0, 0
49000, 4381329, 1, 0, 0
50000, 3964893, 1, 0, 0
51001, 3584819, 1, 0, 0
52196, 3588197, 1, 0, 0
53000, 7023402, 1, 0, 0
54000, 4415932, 1, 0, 0
55000, 4332955, 1, 0, 0
56000, 4658196, 1, 0, 0
57000, 5032325, 1, 0, 0
58002, 4442307, 1, 0, 0
59000, 4719970, 1, 0, 0
60000, 4525862, 1, 0, 0
61000, 4735944, 1, 0, 0
62000, 4610733, 1, 0, 0
63000, 4791175, 1, 0, 0
64000, 4447968, 1, 0, 0
65000, 4168971, 1, 0, 0
66001, 3308431, 1, 0, 0
67000, 3264611, 1, 0, 0
68002, 3297449, 1, 0, 0
69000, 3388800, 1, 0, 0
70000, 3294363, 1, 0, 0
71000, 3307664, 1, 0, 0
72000, 3428372, 1, 0, 0
73001, 3530927, 1, 0, 0
74000, 3464210, 1, 0, 0
75000, 3422930, 1, 0, 0
76000, 3527564, 1, 0, 0
77001, 3542975, 1, 0, 0
78000, 3399934, 1, 0, 0
79000, 3363628, 1, 0, 0
80001, 3382707, 1, 0, 0
81002, 3496411, 1, 0, 0
82001, 3490349, 1, 0, 0
83510, 3611736, 1, 0, 0
84000, 8702122, 1, 0, 0
85003, 3673423, 1, 0, 0
86000, 3314724, 1, 0, 0
87002, 3338396, 1, 0, 0
88001, 3288367, 1, 0, 0
89000, 3313308, 1, 0, 0
90000, 3235639, 1, 0, 0
91000, 3386871, 1, 0, 0
92000, 3380533, 1, 0, 0
93001, 3488279, 1, 0, 0
94003, 3311551, 1, 0, 0
95002, 3377850, 1, 0, 0
96000, 3413459, 1, 0, 0
97000, 3405507, 1, 0, 0
98000, 3359406, 1, 0, 0
99000, 3504162, 1, 0, 0
100000, 3474228, 1, 0, 0
101000, 3664824, 1, 0, 0
102000, 3461418, 1, 0, 0
103001, 3685078, 1, 0, 0
104000, 3578022, 1, 0, 0
105000, 3645866, 1, 0, 0
106000, 3730651, 1, 0, 0
107000, 3750373, 1, 0, 0
108001, 3889184, 1, 0, 0
109000, 3879137, 1, 0, 0
110000, 4002701, 1, 0, 0
111000, 3894055, 1, 0, 0
112000, 3670774, 1, 0, 0
113000, 3821378, 1, 0, 0
114000, 3882483, 1, 0, 0
115000, 10731839, 1, 0, 0
116000, 3704255, 1, 0, 0
117000, 3881166, 1, 0, 0
118001, 3979581, 1, 0, 0
119000, 3912832, 1, 0, 0
120001, 3787234, 1, 0, 0
121000, 4076369, 1, 0, 0
122001, 3986374, 1, 0, 0
123000, 3811097, 1, 0, 0
124000, 3982006, 1, 0, 0
125000, 4049015, 1, 0, 0
126000, 3981222, 1, 0, 0
127000, 4079266, 1, 0, 0
128000, 4024458, 1, 0, 0
129000, 3914465, 1, 0, 0
130000, 4135282, 1, 0, 0
131005, 4113733, 1, 0, 0
132001, 3988346, 1, 0, 0
133000, 3825696, 1, 0, 0
134000, 4082452, 1, 0, 0
135000, 3905614, 1, 0, 0
136003, 4021231, 1, 0, 0
137001, 4005598, 1, 0, 0
138001, 4120319, 1, 0, 0
139000, 4097824, 1, 0, 0
140000, 4065788, 1, 0, 0
141000, 4253332, 1, 0, 0
142003, 3992871, 1, 0, 0
143000, 4092841, 1, 0, 0
144000, 3959386, 1, 0, 0
145000, 4061098, 1, 0, 0
146467, 4132014, 1, 0, 0
147000, 9367075, 1, 0, 0
148001, 4354583, 1, 0, 0
149000, 4566932, 1, 0, 0
150000, 4435727, 1, 0, 0
151000, 4490888, 1, 0, 0
152003, 4538881, 1, 0, 0
153000, 4546787, 1, 0, 0
154000, 4519137, 1, 0, 0
155003, 4605894, 1, 0, 0
156000, 4362275, 1, 0, 0
157000, 4480027, 1, 0, 0
158000, 4367932, 1, 0, 0
159000, 4273060, 1, 0, 0
160000, 4542556, 1, 0, 0
161000, 4507588, 1, 0, 0
162002, 4343604, 1, 0, 0
163000, 4477833, 1, 0, 0
164000, 4514341, 1, 0, 0
165003, 4179124, 1, 0, 0
166000, 4511768, 1, 0, 0
167000, 4217753, 1, 0, 0
168000, 3186284, 1, 0, 0
169000, 3317543, 1, 0, 0
170000, 3262237, 1, 0, 0
171000, 3317197, 1, 0, 0
172000, 3325905, 1, 0, 0
173000, 3367298, 1, 0, 0
174000, 3366952, 1, 0, 0
175000, 3627831, 1, 0, 0
176000, 3891765, 1, 0, 0
177001, 3886664, 1, 0, 0
178000, 11512571, 1, 0, 0
179000, 3965638, 1, 0, 0
180000, 3611549, 1, 0, 0
181000, 3299151, 1, 0, 0
182002, 3403101, 1, 0, 0
183000, 3326148, 1, 0, 0
184001, 3258600, 1, 0, 0
185000, 3271288, 1, 0, 0
186000, 3306186, 1, 0, 0
187000, 3300169, 1, 0, 0
188000, 3358871, 1, 0, 0
189001, 3368538, 1, 0, 0
190000, 3286172, 1, 0, 0
191000, 3354805, 1, 0, 0
192000, 3331920, 1, 0, 0
193001, 3375552, 1, 0, 0
194000, 3523420, 1, 0, 0
195001, 3577893, 1, 0, 0
196000, 3613981, 1, 0, 0
197001, 3801692, 1, 0, 0
198000, 3732603, 1, 0, 0
199000, 3749154, 1, 0, 0
200001, 3838187, 1, 0, 0
201000, 3797278, 1, 0, 0
202002, 3854817, 1, 0, 0
203000, 3976816, 1, 0, 0
204000, 4054236, 1, 0, 0
205001, 4029402, 1, 0, 0
206000, 3800214, 1, 0, 0
207000, 3873025, 1, 0, 0
208000, 4210665, 1, 0, 0
209461, 4289859, 1, 0, 0
210000, 8307457, 1, 0, 0
211000, 3898560, 1, 0, 0
212000, 3986843, 1, 0, 0
213000, 3924641, 1, 0, 0
214001, 3845330, 1, 0, 0
215000, 3995404, 1, 0, 0
216000, 4002000, 1, 0, 0
217000, 4089130, 1, 0, 0
218000, 4108719, 1, 0, 0
219000, 4271815, 1, 0, 0
220000, 4410451, 1, 0, 0
221003, 4146527, 1, 0, 0
222000, 8423861, 1, 0, 0
223000, 4259184, 1, 0, 0
224000, 4325518, 1, 0, 0
225000, 4559827, 1, 0, 0
226000, 4499042, 1, 0, 0
227000, 4588137, 1, 0, 0
228003, 4419898, 1, 0, 0
229000, 4606127, 1, 0, 0
230001, 4374991, 1, 0, 0
231005, 4527664, 1, 0, 0
232000, 4396033, 1, 0, 0
233000, 4269042, 1, 0, 0
234000, 4910238, 1, 0, 0
235001, 5015535, 1, 0, 0
236001, 4414784, 1, 0, 0
237003, 4627152, 1, 0, 0
238000, 4499633, 1, 0, 0
239001, 4486196, 1, 0, 0
240000, 4505767, 1, 0, 0
241003, 13406531, 1, 0, 0
242000, 4565661, 1, 0, 0
243000, 4615237, 1, 0, 0
244000, 4351447, 1, 0, 0
245000, 3581300, 1, 0, 0
246000, 3325633, 1, 0, 0
247000, 3321704, 1, 0, 0
248000, 3215813, 1, 0, 0
249002, 3359062, 1, 0, 0
250001, 3272609, 1, 0, 0
251000, 3306594, 1, 0, 0
252000, 3304434, 1, 0, 0
253001, 3347412, 1, 0, 0
254000, 3284598, 1, 0, 0
255000, 3336980, 1, 0, 0
256000, 3364688, 1, 0, 0
257000, 3414730, 1, 0, 0
258000, 3750191, 1, 0, 0
259001, 3718221, 1, 0, 0
260000, 3775477, 1, 0, 0
261000, 4121701, 1, 0, 0
262000, 4052711, 1, 0, 0
263000, 3882903, 1, 0, 0
264000, 3900640, 1, 0, 0
265000, 4086074, 1, 0, 0
266001, 3981359, 1, 0, 0
267000, 3968573, 1, 0, 0
268000, 3989747, 1, 0, 0
269001, 4053907, 1, 0, 0
270002, 4263067, 1, 0, 0
271002, 4029243, 1, 0, 0
272423, 4306444, 1, 0, 0
273000, 7601370, 1, 0, 0
274000, 3268044, 1, 0, 0
275000, 3471579, 1, 0, 0
276000, 3874325, 1, 0, 0
277000, 4092829, 1, 0, 0
278000, 4192619, 1, 0, 0
279001, 4064107, 1, 0, 0
280000, 4263551, 1, 0, 0
281001, 4244445, 1, 0, 0
282000, 4328016, 1, 0, 0
283000, 4315365, 1, 0, 0
284000, 4155968, 1, 0, 0
285001, 4355904, 1, 0, 0
286000, 4348633, 1, 0, 0
287000, 4116022, 1, 0, 0
288000, 4146888, 1, 0, 0
289000, 4242420, 1, 0, 0
290000, 4169623, 1, 0, 0
291000, 4255606, 1, 0, 0
292000, 4214617, 1, 0, 0
293000, 4412637, 1, 0, 0
294001, 4138541, 1, 0, 0
295000, 4321045, 1, 0, 0
296002, 4329555, 1, 0, 0
297000, 4248943, 1, 0, 0
298000, 4233388, 1, 0, 0
299000, 4374436, 1, 0, 0
300000, 4023023, 1, 0, 0
301000, 4350090, 1, 0, 0
302000, 4259451, 1, 0, 0
303000, 4300297, 1, 0, 0
304000, 9778936, 1, 0, 0
305000, 4205700, 1, 0, 0
306000, 4492219, 1, 0, 0
307000, 4598874, 1, 0, 0
308000, 4477418, 1, 0, 0
309000, 4505976, 1, 0, 0
310000, 4169927, 1, 0, 0
311000, 4092820, 1, 0, 0
312000, 4602934, 1, 0, 0
313002, 4531010, 1, 0, 0
314000, 4440127, 1, 0, 0
315001, 4566713, 1, 0, 0
316000, 4500805, 1, 0, 0
317001, 4518886, 1, 0, 0
318000, 4557389, 1, 0, 0
319000, 4377445, 1, 0, 0
320000, 4465988, 1, 0, 0
321000, 4530535, 1, 0, 0
322003, 4320635, 1, 0, 0
323000, 4528387, 1, 0, 0
324000, 4568000, 1, 0, 0
325000, 3456275, 1, 0, 0
326000, 3260003, 1, 0, 0
327001, 3329611, 1, 0, 0
328000, 3362480, 1, 0, 0
329000, 3526741, 1, 0, 0
330001, 3882343, 1, 0, 0
331000, 4103335, 1, 0, 0
332000, 4105957, 1, 0, 0
333000, 4315754, 1, 0, 0
334000, 4294180, 1, 0, 0
335107, 4485830, 1, 0, 0
336000, 6816653, 1, 0, 0
337000, 3649951, 1, 0, 0
338000, 3385087, 1, 0, 0
339000, 3555828, 1, 0, 0
340000, 3267151, 1, 0, 0
341000, 3359233, 1, 0, 0
342000, 3655931, 1, 0, 0
343000, 3602937, 1, 0, 0
344000, 3837678, 1, 0, 0
345000, 3871187, 1, 0, 0
346002, 4052819, 1, 0, 0
347000, 4075935, 1, 0, 0
348000, 4245932, 1, 0, 0
349000, 3984378, 1, 0, 0
350001, 4263091, 1, 0, 0
351000, 4736864, 1, 0, 0
352003, 4299393, 1, 0, 0
353000, 4390620, 1, 0, 0
354000, 4506403, 1, 0, 0
355000, 4387759, 1, 0, 0
356000, 4580786, 1, 0, 0
357001, 4397643, 1, 0, 0
358001, 4365371, 1, 0, 0
359000, 4286753, 1, 0, 0
360000, 4653751, 1, 0, 0
361000, 4570314, 1, 0, 0
362003, 4324303, 1, 0, 0
363000, 4397519, 1, 0, 0
364000, 4506433, 1, 0, 0
365000, 4413644, 1, 0, 0
366594, 4489237, 1, 0, 0
367000, 8796824, 1, 0, 0
368000, 4058819, 1, 0, 0
369000, 4453210, 1, 0, 0
370000, 4443120, 1, 0, 0
371000, 4504726, 1, 0, 0
372001, 4469827, 1, 0, 0
373000, 4570766, 1, 0, 0
374001, 4310142, 1, 0, 0
375000, 4742641, 1, 0, 0
376001, 4502643, 1, 0, 0
377000, 4353434, 1, 0, 0
378000, 4024827, 1, 0, 0
379000, 4281476, 1, 0, 0
380000, 4893086, 1, 0, 0
381000, 4412385, 1, 0, 0
382000, 4274562, 1, 0, 0
383001, 4479528, 1, 0, 0
384003, 4427204, 1, 0, 0
385000, 4490021, 1, 0, 0
386001, 4384393, 1, 0, 0
387002, 4303237, 1, 0, 0
388000, 4418168, 1, 0, 0
389000, 4580402, 1, 0, 0
390006, 4616826, 1, 0, 0
391000, 4645028, 1, 0, 0
392000, 4693456, 1, 0, 0
393000, 4576578, 1, 0, 0
394002, 4524126, 1, 0, 0
395000, 4349117, 1, 0, 0
396001, 4337091, 1, 0, 0
397000, 4505788, 1, 0, 0
398100, 4563183, 1, 0, 0
399000, 6634289, 1, 0, 0
400000, 4548933, 1, 0, 0
401001, 4538733, 1, 0, 0
402001, 4555145, 1, 0, 0
403000, 4555493, 1, 0, 0
404000, 4531517, 1, 0, 0
405003, 4521198, 1, 0, 0
406000, 4320362, 1, 0, 0
407000, 4129541, 1, 0, 0
408001, 4605155, 1, 0, 0
409001, 4617670, 1, 0, 0
410000, 4788532, 1, 0, 0
411000, 4927823, 1, 0, 0
412000, 4736830, 1, 0, 0
413000, 4611288, 1, 0, 0
414001, 4896440, 1, 0, 0
415000, 4362959, 1, 0, 0
416000, 4311594, 1, 0, 0
417000, 4736886, 1, 0, 0
418001, 4706408, 1, 0, 0
419000, 4364075, 1, 0, 0
420000, 3750700, 1, 0, 0
421000, 3640500, 1, 0, 0
422001, 3647333, 1, 0, 0
423000, 3987702, 1, 0, 0
424000, 4147071, 1, 0, 0
425001, 4451829, 1, 0, 0
426000, 4652715, 1, 0, 0
427000, 4556808, 1, 0, 0
428000, 4632922, 1, 0, 0
429602, 4701205, 1, 0, 0
430000, 10878422, 1, 0, 0
431000, 4298054, 1, 0, 0
432000, 3396983, 1, 0, 0
433000, 3913730, 1, 0, 0
434000, 4156362, 1, 0, 0
435000, 3986194, 1, 0, 0
436005, 4360697, 1, 0, 0
437000, 4402978, 1, 0, 0
438000, 4399256, 1, 0, 0
439000, 4325939, 1, 0, 0
440000, 4486039, 1, 0, 0
441000, 4636460, 1, 0, 0
442000, 4543031, 1, 0, 0
443001, 4779716, 1, 0, 0
444000, 4847942, 1, 0, 0
445000, 4612473, 1, 0, 0
446001, 5094848, 1, 0, 0
447000, 4519714, 1, 0, 0
448000, 4898791, 1, 0, 0
449000, 4827682, 1, 0, 0
450001, 5078233, 1, 0, 0
451000, 5223128, 1, 0, 0
452000, 5104235, 1, 0, 0
453000, 5018018, 1, 0, 0
454000, 5162758, 1, 0, 0
455000, 5447371, 1, 0, 0
456001, 5369424, 1, 0, 0
457000, 5571310, 1, 0, 0
458000, 5048317, 1, 0, 0
459001, 5235113, 1, 0, 0
460000, 4563592, 1, 0, 0
461143, 5687253, 1, 0, 0
462000, 9899721, 1, 0, 0
463001, 5603939, 1, 0, 0
464000, 5126984, 1, 0, 0
465000, 5681651, 1, 0, 0
466000, 5643854, 1, 0, 0
467000, 4578684, 1, 0, 0
468000, 4852145, 1, 0, 0
469001, 5234811, 1, 0, 0
470000, 5364449, 1, 0, 0
471000, 4887148, 1, 0, 0
472000, 5193533, 1, 0, 0
473000, 5542899, 1, 0, 0
474000, 4850971, 1, 0, 0
475000, 5177394, 1, 0, 0
476000, 5829404, 1, 0, 0
477000, 4711259, 1, 0, 0
478001, 5195980, 1, 0, 0
479000, 5894091, 1, 0, 0
480001, 6196378, 1, 0, 0
481000, 6020107, 1, 0, 0
482000, 5777174, 1, 0, 0
483000, 5506822, 1, 0, 0
484000, 5752001, 1, 0, 0
485000, 6160995, 1, 0, 0
486000, 5707588, 1, 0, 0
487001, 4781336, 1, 0, 0
488000, 5333916, 1, 0, 0
489001, 6106678, 1, 0, 0
490000, 5643947, 1, 0, 0
491000, 5414284, 1, 0, 0
492703, 6850924, 1, 0, 0
493000, 15012530, 1, 0, 0
494000, 7445360, 1, 0, 0
495000, 7523699, 1, 0, 0
496000, 7392289, 1, 0, 0
497004, 5167188, 1, 0, 0
498000, 5112362, 1, 0, 0
499001, 4809617, 1, 0, 0
500000, 4588349, 1, 0, 0
501003, 4407913, 1, 0, 0
502000, 4613004, 1, 0, 0
503001, 4640939, 1, 0, 0
504000, 4795823, 1, 0, 0
505000, 5161437, 1, 0, 0
506000, 4613093, 1, 0, 0
507000, 4455224, 1, 0, 0
508000, 4676007, 1, 0, 0
509000, 4786972, 1, 0, 0
510000, 4757882, 1, 0, 0
511000, 4702093, 1, 0, 0
512000, 4915124, 1, 0, 0
513003, 4628003, 1, 0, 0
514000, 4796132, 1, 0, 0
514934, 4656412, 1, 0, 0
