1000, 83249, 1, 0, 0
2000, 81856, 1, 0, 0
3000, 79372, 1, 0, 0
4000, 82644, 1, 0, 0
5000, 82423, 1, 0, 0
6000, 81379, 1, 0, 0
7000, 81951, 1, 0, 0
8000, 86107, 1, 0, 0
9000, 93049, 1, 0, 0
10000, 81471, 1, 0, 0
11000, 84690, 1, 0, 0
12000, 87797, 1, 0, 0
13000, 81531, 1, 0, 0
14000, 80478, 1, 0, 0
15000, 81343, 1, 0, 0
16000, 80235, 1, 0, 0
17000, 91859, 1, 0, 0
18000, 74806, 1, 0, 0
19000, 70722, 1, 0, 0
20000, 71629, 1, 0, 0
21000, 70908, 1, 0, 0
22000, 71145, 1, 0, 0
23000, 79824, 1, 0, 0
24000, 72190, 1, 0, 0
25000, 72493, 1, 0, 0
26000, 77906, 1, 0, 0
27000, 81074, 1, 0, 0
28000, 80778, 1, 0, 0
29000, 81868, 1, 0, 0
30000, 79821, 1, 0, 0
31000, 55195, 1, 0, 0
32000, 78898, 1, 0, 0
33000, 81449, 1, 0, 0
34000, 77018, 1, 0, 0
35000, 73215, 1, 0, 0
36000, 61052, 1, 0, 0
37000, 59667, 1, 0, 0
38000, 43913, 1, 0, 0
39000, 39038, 1, 0, 0
40000, 41176, 1, 0, 0
41000, 42288, 1, 0, 0
42000, 42210, 1, 0, 0
43000, 41346, 1, 0, 0
44000, 41159, 1, 0, 0
45000, 41360, 1, 0, 0
46000, 40763, 1, 0, 0
47000, 40549, 1, 0, 0
48000, 40742, 1, 0, 0
49000, 40796, 1, 0, 0
50000, 40344, 1, 0, 0
51000, 39566, 1, 0, 0
52000, 40540, 1, 0, 0
53000, 39968, 1, 0, 0
54000, 39337, 1, 0, 0
55000, 36917, 1, 0, 0
56000, 38849, 1, 0, 0
57000, 38678, 1, 0, 0
58000, 38762, 1, 0, 0
59000, 38524, 1, 0, 0
60000, 38977, 1, 0, 0
61000, 38443, 1, 0, 0
62000, 17303, 1, 0, 0
63000, 39595, 1, 0, 0
64000, 39578, 1, 0, 0
65000, 38188, 1, 0, 0
66000, 39539, 1, 0, 0
67000, 41198, 1, 0, 0
68000, 40138, 1, 0, 0
69000, 40191, 1, 0, 0
70000, 39339, 1, 0, 0
71001, 39527, 1, 0, 0
72000, 39530, 1, 0, 0
73001, 39562, 1, 0, 0
74000, 39550, 1, 0, 0
75001, 39887, 1, 0, 0
76000, 39671, 1, 0, 0
77000, 39112, 1, 0, 0
78000, 39644, 1, 0, 0
79000, 40437, 1, 0, 0
80000, 41705, 1, 0, 0
81000, 39292, 1, 0, 0
82000, 39294, 1, 0, 0
83000, 39054, 1, 0, 0
84000, 39355, 1, 0, 0
85000, 39223, 1, 0, 0
86000, 38912, 1, 0, 0
87000, 39155, 1, 0, 0
88000, 39749, 1, 0, 0
89000, 39507, 1, 0, 0
90000, 39035, 1, 0, 0
91000, 39554, 1, 0, 0
92000, 39250, 1, 0, 0
93001, 23758, 1, 0, 0
94000, 30632, 1, 0, 0
95000, 40795, 1, 0, 0
96000, 40087, 1, 0, 0
97000, 39199, 1, 0, 0
98000, 39128, 1, 0, 0
99000, 38418, 1, 0, 0
100000, 39648, 1, 0, 0
101000, 39116, 1, 0, 0
102000, 39370, 1, 0, 0
103000, 38838, 1, 0, 0
104000, 40408, 1, 0, 0
105000, 39565, 1, 0, 0
106000, 39468, 1, 0, 0
107001, 39427, 1, 0, 0
108000, 38983, 1, 0, 0
109000, 39036, 1, 0, 0
110000, 38950, 1, 0, 0
111000, 39936, 1, 0, 0
112000, 39847, 1, 0, 0
113000, 38346, 1, 0, 0
114000, 39035, 1, 0, 0
115000, 40504, 1, 0, 0
116000, 38937, 1, 0, 0
117000, 38943, 1, 0, 0
118000, 39123, 1, 0, 0
119000, 38642, 1, 0, 0
120000, 39443, 1, 0, 0
121000, 40118, 1, 0, 0
122000, 39485, 1, 0, 0
123000, 38808, 1, 0, 0
124000, 38989, 1, 0, 0
125000, 10319, 1, 0, 0
126000, 39031, 1, 0, 0
127001, 39422, 1, 0, 0
128000, 38578, 1, 0, 0
129000, 35670, 1, 0, 0
130000, 37142, 1, 0, 0
131000, 38644, 1, 0, 0
132000, 38533, 1, 0, 0
133000, 38686, 1, 0, 0
134000, 39356, 1, 0, 0
135000, 38989, 1, 0, 0
136000, 37471, 1, 0, 0
137000, 37836, 1, 0, 0
138000, 36369, 1, 0, 0
139000, 34063, 1, 0, 0
140000, 32272, 1, 0, 0
141000, 34737, 1, 0, 0
142000, 39866, 1, 0, 0
143000, 39860, 1, 0, 0
144000, 40078, 1, 0, 0
145000, 38968, 1, 0, 0
146000, 36783, 1, 0, 0
147000, 39239, 1, 0, 0
148000, 39828, 1, 0, 0
149000, 39057, 1, 0, 0
150000, 39732, 1, 0, 0
151000, 39972, 1, 0, 0
152000, 38710, 1, 0, 0
153000, 38815, 1, 0, 0
154000, 39413, 1, 0, 0
155000, 39155, 1, 0, 0
156001, 22607, 1, 0, 0
157000, 30908, 1, 0, 0
158001, 39870, 1, 0, 0
159000, 39116, 1, 0, 0
160000, 39261, 1, 0, 0
161000, 38632, 1, 0, 0
162000, 39110, 1, 0, 0
163000, 38910, 1, 0, 0
164000, 40023, 1, 0, 0
165000, 39117, 1, 0, 0
166000, 38745, 1, 0, 0
167000, 38501, 1, 0, 0
168000, 38436, 1, 0, 0
169000, 38954, 1, 0, 0
170000, 38926, 1, 0, 0
171000, 39671, 1, 0, 0
172000, 39037, 1, 0, 0
173000, 38766, 1, 0, 0
174000, 38540, 1, 0, 0
175000, 39322, 1, 0, 0
176000, 38950, 1, 0, 0
177000, 40339, 1, 0, 0
178000, 40083, 1, 0, 0
179000, 38474, 1, 0, 0
180000, 38978, 1, 0, 0
181000, 38393, 1, 0, 0
182000, 39006, 1, 0, 0
183000, 38835, 1, 0, 0
184000, 37950, 1, 0, 0
185000, 38973, 1, 0, 0
186000, 38373, 1, 0, 0
187000, 39122, 1, 0, 0
188000, 11787, 1, 0, 0
189001, 41326, 1, 0, 0
190000, 38226, 1, 0, 0
191000, 38409, 1, 0, 0
192000, 38020, 1, 0, 0
193000, 38407, 1, 0, 0
194000, 38678, 1, 0, 0
195000, 39377, 1, 0, 0
196000, 38959, 1, 0, 0
197000, 38909, 1, 0, 0
198000, 38656, 1, 0, 0
199000, 39370, 1, 0, 0
200000, 39837, 1, 0, 0
201000, 38888, 1, 0, 0
202000, 38538, 1, 0, 0
203001, 38228, 1, 0, 0
204000, 36759, 1, 0, 0
205001, 39487, 1, 0, 0
206000, 39400, 1, 0, 0
207000, 39214, 1, 0, 0
208000, 38851, 1, 0, 0
209000, 38708, 1, 0, 0
210000, 39155, 1, 0, 0
211000, 39527, 1, 0, 0
212000, 38599, 1, 0, 0
213000, 39118, 1, 0, 0
214000, 39290, 1, 0, 0
215000, 39259, 1, 0, 0
216000, 39424, 1, 0, 0
217000, 39026, 1, 0, 0
218000, 38661, 1, 0, 0
219001, 21614, 1, 0, 0
220000, 33039, 1, 0, 0
221000, 39230, 1, 0, 0
222000, 38391, 1, 0, 0
223000, 38162, 1, 0, 0
224000, 39820, 1, 0, 0
225000, 38335, 1, 0, 0
226000, 38168, 1, 0, 0
227000, 37930, 1, 0, 0
228000, 37957, 1, 0, 0
229000, 37672, 1, 0, 0
230000, 37203, 1, 0, 0
231000, 37297, 1, 0, 0
232000, 35516, 1, 0, 0
233000, 33355, 1, 0, 0
234000, 33082, 1, 0, 0
235001, 34242, 1, 0, 0
236000, 39804, 1, 0, 0
237000, 39998, 1, 0, 0
238000, 39345, 1, 0, 0
239000, 38829, 1, 0, 0
240000, 38344, 1, 0, 0
241000, 38908, 1, 0, 0
242000, 38855, 1, 0, 0
243001, 39082, 1, 0, 0
244000, 38739, 1, 0, 0
245000, 38930, 1, 0, 0
246000, 39154, 1, 0, 0
247000, 38937, 1, 0, 0
248000, 39129, 1, 0, 0
249000, 39233, 1, 0, 0
250000, 39022, 1, 0, 0
251000, 11901, 1, 0, 0
252000, 39354, 1, 0, 0
253000, 38852, 1, 0, 0
254000, 38070, 1, 0, 0
255000, 35866, 1, 0, 0
256000, 33038, 1, 0, 0
257000, 31980, 1, 0, 0
258000, 31601, 1, 0, 0
259001, 31775, 1, 0, 0
260000, 31601, 1, 0, 0
261000, 29023, 1, 0, 0
262000, 38841, 1, 0, 0
263000, 39841, 1, 0, 0
264000, 39119, 1, 0, 0
265000, 39171, 1, 0, 0
266000, 39341, 1, 0, 0
267000, 39140, 1, 0, 0
268000, 39329, 1, 0, 0
269000, 39556, 1, 0, 0
270000, 39280, 1, 0, 0
271001, 39936, 1, 0, 0
272000, 39294, 1, 0, 0
273001, 38609, 1, 0, 0
274000, 39361, 1, 0, 0
275000, 39116, 1, 0, 0
276000, 39138, 1, 0, 0
277000, 39447, 1, 0, 0
278000, 39954, 1, 0, 0
279001, 39521, 1, 0, 0
280000, 40040, 1, 0, 0
281001, 39156, 1, 0, 0
282000, 20560, 1, 0, 0
283000, 31040, 1, 0, 0
284000, 38945, 1, 0, 0
285000, 38794, 1, 0, 0
286000, 38020, 1, 0, 0
287000, 39035, 1, 0, 0
288000, 38018, 1, 0, 0
289000, 39447, 1, 0, 0
290000, 39631, 1, 0, 0
291001, 39843, 1, 0, 0
292000, 39195, 1, 0, 0
293000, 39116, 1, 0, 0
294000, 39566, 1, 0, 0
295001, 39072, 1, 0, 0
296000, 38491, 1, 0, 0
297001, 39956, 1, 0, 0
298000, 39806, 1, 0, 0
299001, 39477, 1, 0, 0
300000, 39121, 1, 0, 0
301000, 39065, 1, 0, 0
302000, 39326, 1, 0, 0
303000, 39094, 1, 0, 0
304000, 39128, 1, 0, 0
305000, 39191, 1, 0, 0
306000, 38925, 1, 0, 0
307000, 38919, 1, 0, 0
308000, 39525, 1, 0, 0
309000, 39170, 1, 0, 0
310000, 40052, 1, 0, 0
311000, 39423, 1, 0, 0
312000, 38918, 1, 0, 0
313000, 39119, 1, 0, 0
314000, 14146, 1, 0, 0
315000, 41311, 1, 0, 0
316000, 39075, 1, 0, 0
317000, 38992, 1, 0, 0
318000, 38868, 1, 0, 0
319000, 38994, 1, 0, 0
320000, 39154, 1, 0, 0
321000, 38707, 1, 0, 0
322000, 39974, 1, 0, 0
323000, 39382, 1, 0, 0
324000, 40734, 1, 0, 0
325000, 39326, 1, 0, 0
326000, 38945, 1, 0, 0
327000, 38875, 1, 0, 0
328000, 38553, 1, 0, 0
329000, 38974, 1, 0, 0
330000, 39213, 1, 0, 0
331000, 38802, 1, 0, 0
332000, 38755, 1, 0, 0
333000, 38978, 1, 0, 0
334000, 38923, 1, 0, 0
335000, 38494, 1, 0, 0
336000, 39147, 1, 0, 0
337000, 38390, 1, 0, 0
338000, 39305, 1, 0, 0
339000, 38770, 1, 0, 0
340000, 39077, 1, 0, 0
341000, 39059, 1, 0, 0
342000, 38780, 1, 0, 0
343000, 39051, 1, 0, 0
344000, 38207, 1, 0, 0
345000, 19805, 1, 0, 0
346000, 30585, 1, 0, 0
347000, 38155, 1, 0, 0
348000, 38250, 1, 0, 0
349000, 38147, 1, 0, 0
350000, 37788, 1, 0, 0
351000, 38830, 1, 0, 0
352000, 37779, 1, 0, 0
353000, 37123, 1, 0, 0
354000, 33874, 1, 0, 0
355000, 39648, 1, 0, 0
356000, 39759, 1, 0, 0
357000, 39816, 1, 0, 0
358000, 39027, 1, 0, 0
359000, 38787, 1, 0, 0
360000, 39125, 1, 0, 0
361000, 39003, 1, 0, 0
362000, 39159, 1, 0, 0
363000, 39392, 1, 0, 0
364000, 39149, 1, 0, 0
365000, 38977, 1, 0, 0
366000, 39076, 1, 0, 0
367000, 39308, 1, 0, 0
368000, 38583, 1, 0, 0
369000, 39092, 1, 0, 0
370000, 39545, 1, 0, 0
371000, 38932, 1, 0, 0
372000, 39360, 1, 0, 0
373000, 39320, 1, 0, 0
374000, 39156, 1, 0, 0
375000, 38602, 1, 0, 0
376000, 38690, 1, 0, 0
377000, 12525, 1, 0, 0
378000, 40365, 1, 0, 0
379000, 39157, 1, 0, 0
380000, 39207, 1, 0, 0
381000, 40544, 1, 0, 0
382000, 40244, 1, 0, 0
383000, 39188, 1, 0, 0
384000, 38322, 1, 0, 0
385000, 39360, 1, 0, 0
386000, 38638, 1, 0, 0
387000, 38036, 1, 0, 0
388000, 39176, 1, 0, 0
389000, 38287, 1, 0, 0
390001, 39104, 1, 0, 0
391000, 38415, 1, 0, 0
392000, 38763, 1, 0, 0
393000, 39151, 1, 0, 0
394000, 39271, 1, 0, 0
395000, 38862, 1, 0, 0
396000, 38807, 1, 0, 0
397000, 38985, 1, 0, 0
398000, 38943, 1, 0, 0
399000, 39193, 1, 0, 0
400000, 39044, 1, 0, 0
401000, 38671, 1, 0, 0
