1000, 1583015, 1, 0, 0
2000, 1539261, 1, 0, 0
3000, 1569850, 1, 0, 0
4000, 1580179, 1, 0, 0
5000, 1544534, 1, 0, 0
6000, 1550336, 1, 0, 0
7000, 1550050, 1, 0, 0
8000, 1571777, 1, 0, 0
9000, 1567703, 1, 0, 0
10000, 1555353, 1, 0, 0
11000, 1652409, 1, 0, 0
12000, 1757695, 1, 0, 0
13000, 1698503, 1, 0, 0
14000, 1574247, 1, 0, 0
15000, 1597048, 1, 0, 0
16000, 1562217, 1, 0, 0
17000, 1604285, 1, 0, 0
18000, 1579829, 1, 0, 0
19000, 1578174, 1, 0, 0
20000, 1537929, 1, 0, 0
21000, 10239400, 1, 0, 0
22000, 1553151, 1, 0, 0
23000, 1661462, 1, 0, 0
24000, 1823261, 1, 0, 0
25000, 1766289, 1, 0, 0
26000, 1851425, 1, 0, 0
27000, 2076100, 1, 0, 0
28000, 2373585, 1, 0, 0
29000, 2483450, 1, 0, 0
30001, 3410986, 1, 0, 0
31000, 3651840, 1, 0, 0
32000, 3830671, 1, 0, 0
33000, 4112508, 1, 0, 0
34000, 4508599, 1, 0, 0
35000, 4444902, 1, 0, 0
36001, 4239356, 1, 0, 0
37001, 4326572, 1, 0, 0
38002, 4180541, 1, 0, 0
39000, 4566191, 1, 0, 0
40000, 4359508, 1, 0, 0
41000, 4505867, 1, 0, 0
42000, 4390107, 1, 0, 0
43000, 4684599, 1, 0, 0
44000, 4568856, 1, 0, 0
45000, 4399996, 1, 0, 0
46000, 4417674, 1, 0, 0
47001, 4553312, 1, 0, 0
48000, 4509246, 1, 0, 0
49000, 4349708, 1, 0, 0
50000, 3934997, 1, 0, 0
51001, 3558432, 1, 0, 0
52196, 3562322, 1, 0, 0
53000, 6970474, 1, 0, 0
54000, 4383441, 1, 0, 0
55000, 4301525, 1, 0, 0
56000, 4623697, 1, 0, 0
57000, 4995165, 1, 0, 0
58002, 4409502, 1, 0, 0
59000, 4685047, 1, 0, 0
60000, 4492866, 1, 0, 0
61000, 4700957, 1, 0, 0
62000, 4576445, 1, 0, 0
63000, 4756031, 1, 0, 0
64000, 4415375, 1, 0, 0
65000, 4138531, 1, 0, 0
66001, 3284592, 1, 0, 0
67000, 3240854, 1, 0, 0
68002, 3273437, 1, 0, 0
69000, 3363840, 1, 0, 0
70000, 3270154, 1, 0, 0
71000, 3283371, 1, 0, 0
72000, 3403308, 1, 0, 0
73001, 3505494, 1, 0, 0
74000, 3438467, 1, 0, 0
75000, 3397673, 1, 0, 0
76000, 3501438, 1, 0, 0
77001, 3516825, 1, 0, 0
78000, 3374665, 1, 0, 0
79000, 3338836, 1, 0, 0
80001, 3357944, 1, 0, 0
81002, 3470449, 1, 0, 0
82001, 3464456, 1, 0, 0
83510, 3585092, 1, 0, 0
84000, 8635859, 1, 0, 0
85003, 3646233, 1, 0, 0
86000, 3290464, 1, 0, 0
87002, 3313986, 1, 0, 0
88001, 3264202, 1, 0, 0
89000, 3289169, 1, 0, 0
90000, 3212043, 1, 0, 0
91000, 3362027, 1, 0, 0
92000, 3355715, 1, 0, 0
93001, 3462441, 1, 0, 0
94003, 3287338, 1, 0, 0
95002, 3353200, 1, 0, 0
96000, 3388865, 1, 0, 0
97000, 3381037, 1, 0, 0
98000, 3335226, 1, 0, 0
99000, 3478380, 1, 0, 0
100000, 3449197, 1, 0, 0
101000, 3638221, 1, 0, 0
102000, 3436445, 1, 0, 0
103001, 3658372, 1, 0, 0
104000, 3552137, 1, 0, 0
105000, 3619516, 1, 0, 0
106000, 3703523, 1, 0, 0
107000, 3723036, 1, 0, 0
108001, 3860597, 1, 0, 0
109000, 3850491, 1, 0, 0
110000, 3973457, 1, 0, 0
111000, 3865362, 1, 0, 0
112000, 3644017, 1, 0, 0
113000, 3793519, 1, 0, 0
114000, 3853763, 1, 0, 0
115000, 10650334, 1, 0, 0
116000, 3677101, 1, 0, 0
117000, 3852481, 1, 0, 0
118001, 3950792, 1, 0, 0
119000, 3884071, 1, 0, 0
120001, 3759262, 1, 0, 0
121000, 4046976, 1, 0, 0
122001, 3957469, 1, 0, 0
123000, 3783139, 1, 0, 0
124000, 3952573, 1, 0, 0
125000, 4019393, 1, 0, 0
126000, 3951630, 1, 0, 0
127000, 4048856, 1, 0, 0
128000, 3994959, 1, 0, 0
129000, 3885494, 1, 0, 0
130000, 4105584, 1, 0, 0
131005, 4083509, 1, 0, 0
132001, 3959288, 1, 0, 0
133000, 3797643, 1, 0, 0
134000, 4051923, 1, 0, 0
135000, 3876647, 1, 0, 0
136003, 3991902, 1, 0, 0
137001, 3976097, 1, 0, 0
138001, 4090265, 1, 0, 0
139000, 4068102, 1, 0, 0
140000, 4036474, 1, 0, 0
141000, 4221968, 1, 0, 0
142003, 3963900, 1, 0, 0
143000, 4062293, 1, 0, 0
144000, 3930900, 1, 0, 0
145000, 4031117, 1, 0, 0
146467, 4101555, 1, 0, 0
147000, 9296142, 1, 0, 0
148001, 4321940, 1, 0, 0
149000, 4533278, 1, 0, 0
150000, 4402294, 1, 0, 0
151000, 4457619, 1, 0, 0
152003, 4506224, 1, 0, 0
153000, 4513525, 1, 0, 0
154000, 4486155, 1, 0, 0
155003, 4571899, 1, 0, 0
156000, 4330551, 1, 0, 0
157000, 4447471, 1, 0, 0
158000, 4335731, 1, 0, 0
159000, 4241649, 1, 0, 0
160000, 4508715, 1, 0, 0
161000, 4475112, 1, 0, 0
162002, 4312127, 1, 0, 0
163000, 4445342, 1, 0, 0
164000, 4481287, 1, 0, 0
165003, 4148634, 1, 0, 0
166000, 4479415, 1, 0, 0
167000, 4187532, 1, 0, 0
168000, 3162975, 1, 0, 0
169000, 3293221, 1, 0, 0
170000, 3238111, 1, 0, 0
171000, 3292833, 1, 0, 0
172000, 3301509, 1, 0, 0
173000, 3342666, 1, 0, 0
174000, 3342312, 1, 0, 0
175000, 3601173, 1, 0, 0
176000, 3863612, 1, 0, 0
177001, 3857503, 1, 0, 0
178000, 11424536, 1, 0, 0
179000, 3937085, 1, 0, 0
180000, 3585378, 1, 0, 0
181000, 3275103, 1, 0, 0
182002, 3378261, 1, 0, 0
183000, 3301859, 1, 0, 0
184001, 3234756, 1, 0, 0
185000, 3247536, 1, 0, 0
186000, 3282164, 1, 0, 0
187000, 3276206, 1, 0, 0
188000, 3334408, 1, 0, 0
189001, 3344057, 1, 0, 0
190000, 3261892, 1, 0, 0
191000, 3330360, 1, 0, 0
192000, 3307615, 1, 0, 0
193001, 3350911, 1, 0, 0
194000, 3497476, 1, 0, 0
195001, 3551884, 1, 0, 0
196000, 3587569, 1, 0, 0
197001, 3773557, 1, 0, 0
198000, 3704758, 1, 0, 0
199000, 3722064, 1, 0, 0
200001, 3810058, 1, 0, 0
201000, 3768822, 1, 0, 0
202002, 3825942, 1, 0, 0
203000, 3946946, 1, 0, 0
204000, 4024370, 1, 0, 0
205001, 3999443, 1, 0, 0
206000, 3771925, 1, 0, 0
207000, 3844702, 1, 0, 0
208000, 4180311, 1, 0, 0
209461, 4258542, 1, 0, 0
210000, 8244043, 1, 0, 0
211000, 3869882, 1, 0, 0
212000, 3958053, 1, 0, 0
213000, 3896313, 1, 0, 0
214001, 3816657, 1, 0, 0
215000, 3965452, 1, 0, 0
216000, 3972158, 1, 0, 0
217000, 4059620, 1, 0, 0
218000, 4078383, 1, 0, 0
219000, 4240452, 1, 0, 0
220000, 4377855, 1, 0, 0
221003, 4115980, 1, 0, 0
222000, 8359580, 1, 0, 0
223000, 4227834, 1, 0, 0
224000, 4294017, 1, 0, 0
225000, 4525689, 1, 0, 0
226000, 4465258, 1, 0, 0
227000, 4553898, 1, 0, 0
228003, 4387612, 1, 0, 0
229000, 4571764, 1, 0, 0
230001, 4342966, 1, 0, 0
231005, 4493830, 1, 0, 0
232000, 4363661, 1, 0, 0
233000, 4238050, 1, 0, 0
234000, 4874188, 1, 0, 0
235001, 4978964, 1, 0, 0
236001, 4382275, 1, 0, 0
237003, 4592142, 1, 0, 0
238000, 4466513, 1, 0, 0
239001, 4452280, 1, 0, 0
240000, 4473072, 1, 0, 0
241003, 13303666, 1, 0, 0
242000, 4531804, 1, 0, 0
243000, 4581686, 1, 0, 0
244000, 4319906, 1, 0, 0
245000, 3554633, 1, 0, 0
246000, 3301279, 1, 0, 0
247000, 3297218, 1, 0, 0
248000, 3192698, 1, 0, 0
249002, 3334551, 1, 0, 0
250001, 3248791, 1, 0, 0
251000, 3282494, 1, 0, 0
252000, 3280304, 1, 0, 0
253001, 3322965, 1, 0, 0
254000, 3260495, 1, 0, 0
255000, 3312513, 1, 0, 0
256000, 3339761, 1, 0, 0
257000, 3389795, 1, 0, 0
258000, 3722737, 1, 0, 0
259001, 3690955, 1, 0, 0
260000, 3748156, 1, 0, 0
261000, 4091518, 1, 0, 0
262000, 4023157, 1, 0, 0
263000, 3854598, 1, 0, 0
264000, 3871519, 1, 0, 0
265000, 4056318, 1, 0, 0
266001, 3952657, 1, 0, 0
267000, 3939264, 1, 0, 0
268000, 3960226, 1, 0, 0
269001, 4024065, 1, 0, 0
270002, 4231477, 1, 0, 0
271002, 4000053, 1, 0, 0
272423, 4275059, 1, 0, 0
273000, 7543728, 1, 0, 0
274000, 3244201, 1, 0, 0
275000, 3446244, 1, 0, 0
276000, 3846295, 1, 0, 0
277000, 4063282, 1, 0, 0
278000, 4161339, 1, 0, 0
279001, 4034614, 1, 0, 0
280000, 4232116, 1, 0, 0
281001, 4213722, 1, 0, 0
282000, 4296696, 1, 0, 0
283000, 4284268, 1, 0, 0
284000, 4126116, 1, 0, 0
285001, 4324082, 1, 0, 0
286000, 4317119, 1, 0, 0
287000, 4086000, 1, 0, 0
288000, 4116467, 1, 0, 0
289000, 4211625, 1, 0, 0
290000, 4139132, 1, 0, 0
291000, 4223957, 1, 0, 0
292000, 4183140, 1, 0, 0
293000, 4380232, 1, 0, 0
294001, 4108409, 1, 0, 0
295000, 4289374, 1, 0, 0
296002, 4297796, 1, 0, 0
297000, 4218257, 1, 0, 0
298000, 4202363, 1, 0, 0
299000, 4341986, 1, 0, 0
300000, 3993415, 1, 0, 0
301000, 4317718, 1, 0, 0
302000, 4228527, 1, 0, 0
303000, 4268865, 1, 0, 0
304000, 9704161, 1, 0, 0
305000, 4174917, 1, 0, 0
306000, 4459484, 1, 0, 0
307000, 4565942, 1, 0, 0
308000, 4444351, 1, 0, 0
309000, 4472435, 1, 0, 0
310000, 4139735, 1, 0, 0
311000, 4062295, 1, 0, 0
312000, 4569677, 1, 0, 0
313002, 4498556, 1, 0, 0
314000, 4407188, 1, 0, 0
315001, 4533072, 1, 0, 0
316000, 4468496, 1, 0, 0
317001, 4485700, 1, 0, 0
318000, 4524205, 1, 0, 0
319000, 4345032, 1, 0, 0
320000, 4433208, 1, 0, 0
321000, 4497851, 1, 0, 0
322003, 4288085, 1, 0, 0
323000, 4495076, 1, 0, 0
324000, 4534814, 1, 0, 0
325000, 3430512, 1, 0, 0
326000, 3236189, 1, 0, 0
327001, 3305266, 1, 0, 0
328000, 3337339, 1, 0, 0
329000, 3500930, 1, 0, 0
330001, 3853717, 1, 0, 0
331000, 4073672, 1, 0, 0
332000, 4075990, 1, 0, 0
333000, 4284391, 1, 0, 0
334000, 4262602, 1, 0, 0
335107, 4452533, 1, 0, 0
336000, 6765183, 1, 0, 0
337000, 3623158, 1, 0, 0
338000, 3360251, 1, 0, 0
339000, 3530133, 1, 0, 0
340000, 3243460, 1, 0, 0
341000, 3334762, 1, 0, 0
342000, 3629080, 1, 0, 0
343000, 3576643, 1, 0, 0
344000, 3809484, 1, 0, 0
345000, 3843401, 1, 0, 0
346002, 4022988, 1, 0, 0
347000, 4045478, 1, 0, 0
348000, 4214895, 1, 0, 0
349000, 3955543, 1, 0, 0
350001, 4232032, 1, 0, 0
351000, 4702405, 1, 0, 0
352003, 4267900, 1, 0, 0
353000, 4358282, 1, 0, 0
354000, 4473670, 1, 0, 0
355000, 4355880, 1, 0, 0
356000, 4547269, 1, 0, 0
357001, 4365036, 1, 0, 0
358001, 4333167, 1, 0, 0
359000, 4255077, 1, 0, 0
360000, 4620136, 1, 0, 0
361000, 4536789, 1, 0, 0
362003, 4292712, 1, 0, 0
363000, 4365526, 1, 0, 0
364000, 4473368, 1, 0, 0
365000, 4381412, 1, 0, 0
366594, 4456851, 1, 0, 0
367000, 8729552, 1, 0, 0
368000, 4029476, 1, 0, 0
369000, 4420876, 1, 0, 0
370000, 4411532, 1, 0, 0
371000, 4471580, 1, 0, 0
372001, 4437338, 1, 0, 0
373000, 4537078, 1, 0, 0
374001, 4278191, 1, 0, 0
375000, 4708336, 1, 0, 0
376001, 4469636, 1, 0, 0
377000, 4322261, 1, 0, 0
378000, 3995329, 1, 0, 0
379000, 4250228, 1, 0, 0
380000, 4856747, 1, 0, 0
381000, 4380284, 1, 0, 0
382000, 4242780, 1, 0, 0
383001, 4446799, 1, 0, 0
384003, 4395043, 1, 0, 0
385000, 4456664, 1, 0, 0
386001, 4351786, 1, 0, 0
387002, 4271702, 1, 0, 0
388000, 4385882, 1, 0, 0
389000, 4546805, 1, 0, 0
390006, 4583494, 1, 0, 0
391000, 4611159, 1, 0, 0
392000, 4658718, 1, 0, 0
393000, 4543123, 1, 0, 0
394002, 4491083, 1, 0, 0
395000, 4317094, 1, 0, 0
396001, 4305352, 1, 0, 0
397000, 4473102, 1, 0, 0
398100, 4530410, 1, 0, 0
399000, 6584056, 1, 0, 0
400000, 4515031, 1, 0, 0
401001, 4505364, 1, 0, 0
402001, 4521992, 1, 0, 0
403000, 4522449, 1, 0, 0
404000, 4497602, 1, 0, 0
405003, 4487472, 1, 0, 0
406000, 4288080, 1, 0, 0
407000, 4099186, 1, 0, 0
408001, 4571851, 1, 0, 0
409001, 4583983, 1, 0, 0
410000, 4752942, 1, 0, 0
411000, 4891835, 1, 0, 0
412000, 4702823, 1, 0, 0
413000, 4577456, 1, 0, 0
414001, 4860328, 1, 0, 0
415000, 4331032, 1, 0, 0
416000, 4279889, 1, 0, 0
417000, 4701438, 1, 0, 0
418001, 4671751, 1, 0, 0
419000, 4332023, 1, 0, 0
420000, 3723264, 1, 0, 0
421000, 3613541, 1, 0, 0
422001, 3620424, 1, 0, 0
423000, 3958348, 1, 0, 0
424000, 4116943, 1, 0, 0
425001, 4419513, 1, 0, 0
426000, 4618992, 1, 0, 0
427000, 4524011, 1, 0, 0
428000, 4599395, 1, 0, 0
429602, 4667224, 1, 0, 0
430000, 10794860, 1, 0, 0
431000, 4266917, 1, 0, 0
432000, 3372255, 1, 0, 0
433000, 3884488, 1, 0, 0
434000, 4124955, 1, 0, 0
435000, 3956869, 1, 0, 0
436005, 4328178, 1, 0, 0
437000, 4370144, 1, 0, 0
438000, 4366092, 1, 0, 0
439000, 4294567, 1, 0, 0
440000, 4453367, 1, 0, 0
441000, 4601417, 1, 0, 0
442000, 4510442, 1, 0, 0
443001, 4745266, 1, 0, 0
444000, 4811862, 1, 0, 0
445000, 4577669, 1, 0, 0
446001, 5056271, 1, 0, 0
447000, 4485635, 1, 0, 0
448000, 4861640, 1, 0, 0
449000, 4791182, 1, 0, 0
450001, 5040997, 1, 0, 0
451000, 5185532, 1, 0, 0
452000, 5067073, 1, 0, 0
453000, 4981796, 1, 0, 0
454000, 5123828, 1, 0, 0
455000, 5407995, 1, 0, 0
456001, 5329560, 1, 0, 0
457000, 5529007, 1, 0, 0
458000, 5010151, 1, 0, 0
459001, 5196804, 1, 0, 0
460000, 4529570, 1, 0, 0
461143, 5644440, 1, 0, 0
462000, 9823444, 1, 0, 0
463001, 5563669, 1, 0, 0
464000, 5090208, 1, 0, 0
465000, 5640605, 1, 0, 0
466000, 5603140, 1, 0, 0
467000, 4544499, 1, 0, 0
468000, 4816640, 1, 0, 0
469001, 5196762, 1, 0, 0
470000, 5324148, 1, 0, 0
471000, 4850091, 1, 0, 0
472000, 5154375, 1, 0, 0
473000, 5502361, 1, 0, 0
474000, 4814391, 1, 0, 0
475000, 5139527, 1, 0, 0
476000, 5785701, 1, 0, 0
477000, 4676096, 1, 0, 0
478001, 5156670, 1, 0, 0
479000, 5850920, 1, 0, 0
480001, 6149345, 1, 0, 0
481000, 5974203, 1, 0, 0
482000, 5733213, 1, 0, 0
483000, 5465652, 1, 0, 0
484000, 5710413, 1, 0, 0
485000, 6116524, 1, 0, 0
486000, 5665333, 1, 0, 0
487001, 4746789, 1, 0, 0
488000, 5294884, 1, 0, 0
489001, 6062630, 1, 0, 0
490000, 5601195, 1, 0, 0
491000, 5374426, 1, 0, 0
492703, 6799924, 1, 0, 0
493000, 14896432, 1, 0, 0
494000, 7389296, 1, 0, 0
495000, 7467422, 1, 0, 0
496000, 7336866, 1, 0, 0
497004, 5129878, 1, 0, 0
498000, 5075630, 1, 0, 0
499001, 4774673, 1, 0, 0
500000, 4553931, 1, 0, 0
501003, 4375476, 1, 0, 0
502000, 4578933, 1, 0, 0
503001, 4606969, 1, 0, 0
504000, 4760877, 1, 0, 0
505000, 5123135, 1, 0, 0
506000, 4579114, 1, 0, 0
507000, 4422354, 1, 0, 0
508000, 4641435, 1, 0, 0
509000, 4750910, 1, 0, 0
510000, 4721991, 1, 0, 0
511000, 4666896, 1, 0, 0
512000, 4878650, 1, 0, 0
513003, 4594387, 1, 0, 0
514000, 4760725, 1, 0, 0
514934, 4621982, 1, 0, 0
