1000, 321612, 1, 0, 0
2000, 326856, 1, 0, 0
3000, 326504, 1, 0, 0
4000, 333997, 1, 0, 0
5000, 328492, 1, 0, 0
6000, 306878, 1, 0, 0
7000, 294496, 1, 0, 0
8000, 325169, 1, 0, 0
9000, 323756, 1, 0, 0
10000, 322028, 1, 0, 0
11000, 316912, 1, 0, 0
12000, 315288, 1, 0, 0
13000, 322474, 1, 0, 0
14000, 322912, 1, 0, 0
15001, 329872, 1, 0, 0
16000, 322714, 1, 0, 0
17000, 311728, 1, 0, 0
18000, 319431, 1, 0, 0
19000, 324264, 1, 0, 0
20001, 326264, 1, 0, 0
21000, 324244, 1, 0, 0
22000, 321868, 1, 0, 0
23000, 320032, 1, 0, 0
24000, 326720, 1, 0, 0
25001, 319172, 1, 0, 0
26000, 326966, 1, 0, 0
27000, 327260, 1, 0, 0
28000, 318778, 1, 0, 0
29000, 324004, 1, 0, 0
30000, 317300, 1, 0, 0
31000, 236888, 1, 0, 0
32000, 317456, 1, 0, 0
33000, 324756, 1, 0, 0
34000, 320224, 1, 0, 0
35000, 331328, 1, 0, 0
36000, 324816, 1, 0, 0
37000, 322664, 1, 0, 0
38000, 322830, 1, 0, 0
39000, 333268, 1, 0, 0
40000, 321700, 1, 0, 0
41000, 328740, 1, 0, 0
42000, 321948, 1, 0, 0
43000, 331915, 1, 0, 0
44000, 327680, 1, 0, 0
45000, 328808, 1, 0, 0
46000, 324188, 1, 0, 0
47000, 330536, 1, 0, 0
48000, 325997, 1, 0, 0
49000, 331332, 1, 0, 0
50000, 328096, 1, 0, 0
51000, 328416, 1, 0, 0
52000, 330372, 1, 0, 0
53000, 329077, 1, 0, 0
54000, 328892, 1, 0, 0
55000, 326404, 1, 0, 0
56000, 327639, 1, 0, 0
57000, 325176, 1, 0, 0
58000, 325013, 1, 0, 0
59000, 323652, 1, 0, 0
60000, 326236, 1, 0, 0
61000, 324916, 1, 0, 0
62000, 220488, 1, 0, 0
63000, 331963, 1, 0, 0
64000, 334600, 1, 0, 0
65000, 333921, 1, 0, 0
66000, 323236, 1, 0, 0
67000, 330180, 1, 0, 0
68000, 334026, 1, 0, 0
69000, 334560, 1, 0, 0
70000, 331467, 1, 0, 0
71000, 330896, 1, 0, 0
72000, 332652, 1, 0, 0
73000, 327719, 1, 0, 0
74000, 330076, 1, 0, 0
75000, 329165, 1, 0, 0
76000, 326860, 1, 0, 0
77000, 325220, 1, 0, 0
78000, 335383, 1, 0, 0
79000, 330136, 1, 0, 0
80000, 319647, 1, 0, 0
81000, 314152, 1, 0, 0
82000, 336892, 1, 0, 0
83000, 315379, 1, 0, 0
84000, 314456, 1, 0, 0
85000, 321489, 1, 0, 0
86000, 286668, 1, 0, 0
87000, 272672, 1, 0, 0
88000, 252228, 1, 0, 0
89000, 225037, 1, 0, 0
90000, 233864, 1, 0, 0
91000, 202648, 1, 0, 0
92000, 201145, 1, 0, 0
93001, 93276, 1, 0, 0
94000, 187631, 1, 0, 0
95000, 167367, 1, 0, 0
96000, 169272, 1, 0, 0
97000, 168500, 1, 0, 0
98000, 170272, 1, 0, 0
99000, 164696, 1, 0, 0
100000, 162272, 1, 0, 0
101000, 164084, 1, 0, 0
102001, 165976, 1, 0, 0
103000, 162358, 1, 0, 0
104001, 164300, 1, 0, 0
105000, 164196, 1, 0, 0
106001, 162360, 1, 0, 0
107000, 161245, 1, 0, 0
108001, 162500, 1, 0, 0
109000, 159467, 1, 0, 0
110000, 161957, 1, 0, 0
111000, 157988, 1, 0, 0
112000, 149917, 1, 0, 0
113000, 160264, 1, 0, 0
114000, 164584, 1, 0, 0
115000, 164304, 1, 0, 0
116000, 165177, 1, 0, 0
117000, 163840, 1, 0, 0
118000, 149985, 1, 0, 0
119000, 160096, 1, 0, 0
120000, 158474, 1, 0, 0
121000, 167448, 1, 0, 0
122000, 163935, 1, 0, 0
123000, 164444, 1, 0, 0
124000, 117053, 1, 0, 0
125001, 127800, 1, 0, 0
126000, 162298, 1, 0, 0
127000, 163699, 1, 0, 0
128000, 160564, 1, 0, 0
129000, 151643, 1, 0, 0
130000, 162888, 1, 0, 0
131000, 159851, 1, 0, 0
132000, 159776, 1, 0, 0
133001, 156676, 1, 0, 0
134000, 153701, 1, 0, 0
135000, 159848, 1, 0, 0
136000, 163543, 1, 0, 0
137000, 162200, 1, 0, 0
138001, 157420, 1, 0, 0
139000, 160916, 1, 0, 0
140000, 157020, 1, 0, 0
141000, 160560, 1, 0, 0
142000, 160116, 1, 0, 0
143000, 157820, 1, 0, 0
144000, 156588, 1, 0, 0
145000, 154868, 1, 0, 0
146000, 156464, 1, 0, 0
147000, 157441, 1, 0, 0
148000, 163736, 1, 0, 0
149000, 160616, 1, 0, 0
150000, 163595, 1, 0, 0
151000, 150720, 1, 0, 0
152000, 162616, 1, 0, 0
153000, 160128, 1, 0, 0
154000, 162160, 1, 0, 0
155000, 154672, 1, 0, 0
156000, 89101, 1, 0, 0
157000, 164232, 1, 0, 0
158000, 157857, 1, 0, 0
159000, 154564, 1, 0, 0
160000, 160944, 1, 0, 0
161000, 161241, 1, 0, 0
162000, 152476, 1, 0, 0
163000, 157605, 1, 0, 0
164000, 157036, 1, 0, 0
165000, 153688, 1, 0, 0
166000, 162614, 1, 0, 0
167000, 159080, 1, 0, 0
168000, 158050, 1, 0, 0
169000, 146328, 1, 0, 0
170000, 156620, 1, 0, 0
171000, 158262, 1, 0, 0
172000, 161808, 1, 0, 0
173000, 156820, 1, 0, 0
174000, 159576, 1, 0, 0
175000, 156464, 1, 0, 0
176001, 158372, 1, 0, 0
177000, 154806, 1, 0, 0
178000, 155036, 1, 0, 0
179000, 158486, 1, 0, 0
180000, 154396, 1, 0, 0
181001, 153184, 1, 0, 0
182000, 154882, 1, 0, 0
183000, 159028, 1, 0, 0
184000, 159427, 1, 0, 0
185000, 157756, 1, 0, 0
186000, 142032, 1, 0, 0
187000, 55499, 1, 0, 0
188000, 164600, 1, 0, 0
189000, 165813, 1, 0, 0
190000, 155384, 1, 0, 0
191000, 161768, 1, 0, 0
192000, 162338, 1, 0, 0
193000, 163060, 1, 0, 0
194001, 160644, 1, 0, 0
195000, 153961, 1, 0, 0
196000, 153244, 1, 0, 0
197000, 160048, 1, 0, 0
198000, 159692, 1, 0, 0
199000, 155444, 1, 0, 0
200000, 154318, 1, 0, 0
201000, 155420, 1, 0, 0
202001, 159868, 1, 0, 0
203000, 156812, 1, 0, 0
204000, 154660, 1, 0, 0
205000, 141897, 1, 0, 0
206000, 154164, 1, 0, 0
207000, 157288, 1, 0, 0
208000, 158250, 1, 0, 0
209000, 157288, 1, 0, 0
210000, 154944, 1, 0, 0
211000, 158402, 1, 0, 0
212000, 157024, 1, 0, 0
213000, 155919, 1, 0, 0
214000, 154704, 1, 0, 0
215001, 154636, 1, 0, 0
216000, 156000, 1, 0, 0
217000, 155840, 1, 0, 0
218000, 103659, 1, 0, 0
219000, 114072, 1, 0, 0
220000, 161541, 1, 0, 0
221000, 158868, 1, 0, 0
222000, 155340, 1, 0, 0
223000, 159463, 1, 0, 0
224000, 157272, 1, 0, 0
225000, 160356, 1, 0, 0
226000, 153553, 1, 0, 0
227000, 156600, 1, 0, 0
228000, 158792, 1, 0, 0
229000, 158102, 1, 0, 0
230000, 157436, 1, 0, 0
231000, 155836, 1, 0, 0
232000, 154982, 1, 0, 0
233000, 157084, 1, 0, 0
234000, 154566, 1, 0, 0
235000, 155684, 1, 0, 0
236000, 155367, 1, 0, 0
237000, 156136, 1, 0, 0
238000, 156136, 1, 0, 0
239000, 156392, 1, 0, 0
240000, 157364, 1, 0, 0
241000, 155987, 1, 0, 0
242000, 153820, 1, 0, 0
243000, 157073, 1, 0, 0
244000, 160116, 1, 0, 0
245000, 156596, 1, 0, 0
246000, 157056, 1, 0, 0
247000, 155711, 1, 0, 0
248000, 156816, 1, 0, 0
249000, 157485, 1, 0, 0
250001, 49252, 1, 0, 0
251000, 155891, 1, 0, 0
252001, 154196, 1, 0, 0
253000, 155295, 1, 0, 0
254001, 154824, 1, 0, 0
255000, 152828, 1, 0, 0
256000, 157440, 1, 0, 0
257000, 157597, 1, 0, 0
258000, 153896, 1, 0, 0
259000, 151751, 1, 0, 0
260000, 156592, 1, 0, 0
261000, 157249, 1, 0, 0
262000, 157380, 1, 0, 0
263000, 156644, 1, 0, 0
264000, 145252, 1, 0, 0
265000, 151323, 1, 0, 0
266000, 156796, 1, 0, 0
267000, 156068, 1, 0, 0
268000, 155972, 1, 0, 0
269000, 159067, 1, 0, 0
270000, 156432, 1, 0, 0
271000, 156796, 1, 0, 0
272000, 161636, 1, 0, 0
273000, 159267, 1, 0, 0
274000, 158924, 1, 0, 0
275000, 155335, 1, 0, 0
276000, 159268, 1, 0, 0
277000, 155375, 1, 0, 0
278000, 154476, 1, 0, 0
279000, 151939, 1, 0, 0
280000, 156188, 1, 0, 0
281000, 97633, 1, 0, 0
282001, 107872, 1, 0, 0
283000, 156192, 1, 0, 0
284000, 156672, 1, 0, 0
285000, 155195, 1, 0, 0
286000, 153260, 1, 0, 0
287000, 152976, 1, 0, 0
288000, 158064, 1, 0, 0
289000, 154210, 1, 0, 0
290001, 160180, 1, 0, 0
291000, 155103, 1, 0, 0
292000, 153208, 1, 0, 0
293000, 156080, 1, 0, 0
294001, 158876, 1, 0, 0
295000, 155939, 1, 0, 0
296000, 156228, 1, 0, 0
297000, 154556, 1, 0, 0
298000, 154874, 1, 0, 0
299000, 151988, 1, 0, 0
300000, 154138, 1, 0, 0
301000, 154196, 1, 0, 0
302000, 157345, 1, 0, 0
303000, 154640, 1, 0, 0
304000, 160232, 1, 0, 0
305000, 162756, 1, 0, 0
306000, 153409, 1, 0, 0
307000, 153892, 1, 0, 0
308000, 151703, 1, 0, 0
309000, 153712, 1, 0, 0
310000, 152816, 1, 0, 0
311000, 154656, 1, 0, 0
312000, 154242, 1, 0, 0
313000, 42658, 1, 0, 0
314000, 158216, 1, 0, 0
315000, 153521, 1, 0, 0
316000, 153516, 1, 0, 0
317000, 152672, 1, 0, 0
318000, 154160, 1, 0, 0
319001, 152520, 1, 0, 0
320000, 156380, 1, 0, 0
321000, 150456, 1, 0, 0
322000, 153493, 1, 0, 0
323001, 151516, 1, 0, 0
324000, 153829, 1, 0, 0
325000, 152520, 1, 0, 0
326000, 152344, 1, 0, 0
327000, 153269, 1, 0, 0
328000, 158016, 1, 0, 0
329000, 155899, 1, 0, 0
330000, 154808, 1, 0, 0
331000, 160640, 1, 0, 0
332000, 157416, 1, 0, 0
333000, 154038, 1, 0, 0
334000, 154824, 1, 0, 0
335000, 155699, 1, 0, 0
336000, 155148, 1, 0, 0
337000, 154070, 1, 0, 0
338000, 152956, 1, 0, 0
