1000, 11418, 1, 0, 0
2000, 11244, 1, 0, 0
3000, 11273, 1, 0, 0
4000, 10980, 1, 0, 0
5000, 11175, 1, 0, 0
6000, 11693, 1, 0, 0
7000, 12036, 1, 0, 0
8000, 11314, 1, 0, 0
9000, 11370, 1, 0, 0
10000, 11401, 1, 0, 0
11000, 11584, 1, 0, 0
12000, 11652, 1, 0, 0
13000, 11410, 1, 0, 0
14000, 11397, 1, 0, 0
15000, 11133, 1, 0, 0
16000, 11401, 1, 0, 0
17000, 11816, 1, 0, 0
18001, 11539, 1, 0, 0
19000, 11314, 1, 0, 0
20000, 11237, 1, 0, 0
21000, 11342, 1, 0, 0
22000, 11406, 1, 0, 0
23000, 11495, 1, 0, 0
24000, 11236, 1, 0, 0
25000, 11524, 1, 0, 0
26000, 11211, 1, 0, 0
27000, 11218, 1, 0, 0
28000, 11533, 1, 0, 0
29001, 11332, 1, 0, 0
30000, 11593, 1, 0, 0
31000, 15839, 1, 0, 0
32001, 11588, 1, 0, 0
33001, 11316, 1, 0, 0
34000, 11459, 1, 0, 0
35000, 11037, 1, 0, 0
36004, 11310, 1, 0, 0
37000, 11313, 1, 0, 0
38000, 11336, 1, 0, 0
39000, 10962, 1, 0, 0
40000, 11377, 1, 0, 0
41000, 11127, 1, 0, 0
42000, 11377, 1, 0, 0
43000, 11006, 1, 0, 0
44000, 11166, 1, 0, 0
45000, 11110, 1, 0, 0
46000, 11299, 1, 0, 0
47000, 11050, 1, 0, 0
48000, 11221, 1, 0, 0
49000, 11019, 1, 0, 0
50000, 11137, 1, 0, 0
51000, 11135, 1, 0, 0
52000, 11058, 1, 0, 0
53000, 11108, 1, 0, 0
54000, 11108, 1, 0, 0
55000, 11196, 1, 0, 0
56000, 11164, 1, 0, 0
57000, 11247, 1, 0, 0
58000, 11248, 1, 0, 0
59000, 11303, 1, 0, 0
60000, 11201, 1, 0, 0
61000, 11257, 1, 0, 0
62000, 17023, 1, 0, 0
63000, 11033, 1, 0, 0
64001, 10933, 1, 0, 0
65000, 10950, 1, 0, 0
66000, 11350, 1, 0, 0
67000, 11091, 1, 0, 0
68000, 10953, 1, 0, 0
69000, 10938, 1, 0, 0
70002, 11023, 1, 0, 0
71000, 11013, 1, 0, 0
72001, 10974, 1, 0, 0
73000, 11144, 1, 0, 0
74000, 11067, 1, 0, 0
75001, 11100, 1, 0, 0
76001, 11175, 1, 0, 0
77000, 11224, 1, 0, 0
78000, 10881, 1, 0, 0
79000, 11058, 1, 0, 0
80000, 11454, 1, 0, 0
81000, 11675, 1, 0, 0
82000, 10819, 1, 0, 0
83000, 11341, 1, 0, 0
84000, 11702, 1, 0, 0
85000, 11410, 1, 0, 0
86000, 12851, 1, 0, 0
87000, 13389, 1, 0, 0
88000, 14730, 1, 0, 0
89000, 16451, 1, 0, 0
90000, 15799, 1, 0, 0
91000, 18305, 1, 0, 0
92001, 18620, 1, 0, 0
93000, 41394, 1, 0, 0
94000, 19655, 1, 0, 0
95000, 21995, 1, 0, 0
96000, 21638, 1, 0, 0
97000, 21785, 1, 0, 0
98000, 22244, 1, 0, 0
99000, 22395, 1, 0, 0
100000, 22854, 1, 0, 0
101000, 22632, 1, 0, 0
102001, 22338, 1, 0, 0
103000, 22846, 1, 0, 0
104000, 22466, 1, 0, 0
105000, 22667, 1, 0, 0
106001, 22878, 1, 0, 0
107000, 23194, 1, 0, 0
108000, 22907, 1, 0, 0
109000, 23513, 1, 0, 0
110000, 23115, 1, 0, 0
111000, 23540, 1, 0, 0
112000, 24939, 1, 0, 0
113000, 22881, 1, 0, 0
114000, 22657, 1, 0, 0
115001, 22527, 1, 0, 0
116000, 22895, 1, 0, 0
117006, 22982, 1, 0, 0
118000, 24840, 1, 0, 0
119000, 23415, 1, 0, 0
120000, 23025, 1, 0, 0
121001, 22086, 1, 0, 0
122000, 22519, 1, 0, 0
123000, 22230, 1, 0, 0
124223, 39721, 1, 0, 0
125000, 22326, 1, 0, 0
126000, 22534, 1, 0, 0
127000, 22358, 1, 0, 0
128001, 22834, 1, 0, 0
129000, 24709, 1, 0, 0
130000, 22801, 1, 0, 0
131000, 23317, 1, 0, 0
132000, 23338, 1, 0, 0
133001, 23552, 1, 0, 0
134000, 24257, 1, 0, 0
135000, 22835, 1, 0, 0
136000, 22268, 1, 0, 0
137001, 22968, 1, 0, 0
138000, 23477, 1, 0, 0
139001, 23192, 1, 0, 0
140000, 23917, 1, 0, 0
141000, 23352, 1, 0, 0
142000, 23155, 1, 0, 0
143000, 23562, 1, 0, 0
144000, 23783, 1, 0, 0
145000, 24165, 1, 0, 0
146001, 23914, 1, 0, 0
147001, 23573, 1, 0, 0
148000, 22816, 1, 0, 0
149000, 23438, 1, 0, 0
150000, 22804, 1, 0, 0
151000, 24878, 1, 0, 0
152000, 22931, 1, 0, 0
153000, 23284, 1, 0, 0
154000, 22957, 1, 0, 0
155449, 35740, 1, 0, 0
156000, 23070, 1, 0, 0
157000, 22740, 1, 0, 0
158000, 23384, 1, 0, 0
159001, 24514, 1, 0, 0
160000, 23418, 1, 0, 0
161002, 23007, 1, 0, 0
162000, 24343, 1, 0, 0
163001, 23409, 1, 0, 0
164000, 23562, 1, 0, 0
165000, 23984, 1, 0, 0
166000, 22893, 1, 0, 0
167000, 23398, 1, 0, 0
168000, 23400, 1, 0, 0
169000, 25868, 1, 0, 0
170001, 23970, 1, 0, 0
171000, 23542, 1, 0, 0
172000, 23019, 1, 0, 0
173000, 23784, 1, 0, 0
174000, 23446, 1, 0, 0
175000, 24017, 1, 0, 0
176000, 23539, 1, 0, 0
177001, 23807, 1, 0, 0
178000, 23847, 1, 0, 0
179000, 23362, 1, 0, 0
180000, 24329, 1, 0, 0
181000, 24419, 1, 0, 0
182000, 24005, 1, 0, 0
183000, 23322, 1, 0, 0
184000, 23283, 1, 0, 0
185000, 23666, 1, 0, 0
186000, 26397, 1, 0, 0
187002, 70247, 1, 0, 0
188000, 22783, 1, 0, 0
189000, 22530, 1, 0, 0
190000, 24124, 1, 0, 0
191000, 23051, 1, 0, 0
192000, 23110, 1, 0, 0
193000, 22841, 1, 0, 0
194000, 23102, 1, 0, 0
195000, 24096, 1, 0, 0
196000, 24109, 1, 0, 0
197000, 23510, 1, 0, 0
198000, 23388, 1, 0, 0
199000, 24228, 1, 0, 0
200000, 24368, 1, 0, 0
201000, 23862, 1, 0, 0
202000, 22968, 1, 0, 0
203000, 23698, 1, 0, 0
204000, 24169, 1, 0, 0
205000, 26522, 1, 0, 0
206000, 24229, 1, 0, 0
207000, 23529, 1, 0, 0
208000, 23377, 1, 0, 0
209000, 23519, 1, 0, 0
210000, 23929, 1, 0, 0
211000, 23352, 1, 0, 0
212000, 23560, 1, 0, 0
213000, 23753, 1, 0, 0
214000, 23936, 1, 0, 0
215000, 24126, 1, 0, 0
216001, 23959, 1, 0, 0
217000, 24052, 1, 0, 0
218331, 49695, 1, 0, 0
219001, 22110, 1, 0, 0
220000, 23021, 1, 0, 0
221000, 23264, 1, 0, 0
222000, 23886, 1, 0, 0
223000, 23647, 1, 0, 0
224000, 23852, 1, 0, 0
225000, 23390, 1, 0, 0
226001, 24413, 1, 0, 0
227000, 24099, 1, 0, 0
228000, 23553, 1, 0, 0
229000, 23608, 1, 0, 0
230000, 23719, 1, 0, 0
231000, 23969, 1, 0, 0
232000, 24118, 1, 0, 0
233000, 23802, 1, 0, 0
234001, 24352, 1, 0, 0
235000, 24025, 1, 0, 0
236001, 24136, 1, 0, 0
237000, 23865, 1, 0, 0
238001, 24032, 1, 0, 0
239000, 23853, 1, 0, 0
240001, 23783, 1, 0, 0
241000, 24177, 1, 0, 0
242000, 24131, 1, 0, 0
243000, 23557, 1, 0, 0
244000, 23072, 1, 0, 0
245000, 23897, 1, 0, 0
246000, 23812, 1, 0, 0
247000, 24006, 1, 0, 0
248002, 23721, 1, 0, 0
249000, 23536, 1, 0, 0
250005, 79978, 1, 0, 0
251000, 24003, 1, 0, 0
252000, 24325, 1, 0, 0
253000, 24176, 1, 0, 0
254000, 24045, 1, 0, 0
255001, 24440, 1, 0, 0
256002, 23594, 1, 0, 0
257000, 23626, 1, 0, 0
258000, 24329, 1, 0, 0
259000, 24578, 1, 0, 0
260000, 23925, 1, 0, 0
261000, 23924, 1, 0, 0
262000, 23848, 1, 0, 0
263000, 23924, 1, 0, 0
264001, 25656, 1, 0, 0
265000, 24642, 1, 0, 0
266000, 23622, 1, 0, 0
267000, 23920, 1, 0, 0
268000, 23844, 1, 0, 0
269000, 23739, 1, 0, 0
270000, 23862, 1, 0, 0
271000, 23823, 1, 0, 0
272000, 23059, 1, 0, 0
273000, 23720, 1, 0, 0
274000, 23942, 1, 0, 0
275003, 23984, 1, 0, 0
276000, 23620, 1, 0, 0
277000, 24501, 1, 0, 0
278000, 23908, 1, 0, 0
279000, 24345, 1, 0, 0
280000, 23897, 1, 0, 0
281347, 53344, 1, 0, 0
282000, 22852, 1, 0, 0
283001, 23764, 1, 0, 0
284001, 23919, 1, 0, 0
285000, 24222, 1, 0, 0
286000, 24309, 1, 0, 0
287000, 24205, 1, 0, 0
288000, 23275, 1, 0, 0
289000, 23951, 1, 0, 0
290000, 23127, 1, 0, 0
291001, 24124, 1, 0, 0
292000, 24328, 1, 0, 0
293000, 23888, 1, 0, 0
294000, 23797, 1, 0, 0
295000, 23859, 1, 0, 0
296000, 23802, 1, 0, 0
297000, 24643, 1, 0, 0
298000, 24492, 1, 0, 0
299000, 24639, 1, 0, 0
300001, 23736, 1, 0, 0
301000, 24043, 1, 0, 0
302000, 23598, 1, 0, 0
303000, 23611, 1, 0, 0
304000, 22707, 1, 0, 0
305001, 22352, 1, 0, 0
306000, 24079, 1, 0, 0
307000, 24206, 1, 0, 0
308000, 24628, 1, 0, 0
309000, 24374, 1, 0, 0
310005, 24424, 1, 0, 0
311000, 23779, 1, 0, 0
312000, 23847, 1, 0, 0
313000, 91999, 1, 0, 0
314000, 23710, 1, 0, 0
315000, 24333, 1, 0, 0
316001, 24340, 1, 0, 0
317000, 24548, 1, 0, 0
318001, 24385, 1, 0, 0
319001, 24568, 1, 0, 0
320000, 24105, 1, 0, 0
321001, 25094, 1, 0, 0
322001, 24421, 1, 0, 0
323000, 24800, 1, 0, 0
324000, 23946, 1, 0, 0
325005, 24574, 1, 0, 0
326000, 24338, 1, 0, 0
327000, 24634, 1, 0, 0
328000, 23531, 1, 0, 0
329000, 23743, 1, 0, 0
330000, 23954, 1, 0, 0
331001, 23024, 1, 0, 0
332000, 23451, 1, 0, 0
333002, 24078, 1, 0, 0
334000, 23860, 1, 0, 0
335000, 23984, 1, 0, 0
336000, 24076, 1, 0, 0
337000, 24109, 1, 0, 0
338000, 24198, 1, 0, 0
338132, 24415, 1, 0, 0
